/home/lxx/rsync/777:DELETE:2018-07-03 16:26:26
/home/lxx/rsync/888:DELETE:2018-07-03 16:26:26
/home/lxx/rsync/999:DELETE:2018-07-03 16:26:26
/home/lxx/rsync/000000001:DELETE:2018-07-03 16:39:40
/home/lxx/rsync/000000002:DELETE:2018-07-03 16:39:59
/home/lxx/rsync/000000004:DELETE:2018-07-03 16:40:18
/home/lxx/rsync/000000008:DELETE:2018-07-03 16:40:36
/home/lxx/rsync/000000016:DELETE:2018-07-03 16:43:32
/home/lxx/rsync/000000032:DELETE:2018-07-03 16:44:03
/home/lxx/rsync/000000064:DELETE:2018-07-03 16:44:18
/home/lxx/rsync/000000128:DELETE:2018-07-03 16:44:31
/home/lxx/rsync/000000256:DELETE:2018-07-03 16:44:52
/home/lxx/rsync/000000512:DELETE:2018-07-03 16:45:08
/home/lxx/rsync/000001024:DELETE:2018-07-03 16:45:22
/home/lxx/rsync/000002048:DELETE:2018-07-03 16:45:38
/home/lxx/rsync/000004096:DELETE:2018-07-03 16:46:14
/home/lxx/rsync/000008192:DELETE:2018-07-03 16:46:37
/home/lxx/rsync/000016384:DELETE:2018-07-03 16:46:56
/home/lxx/rsync/000032768:DELETE:2018-07-03 16:47:13
/home/lxx/rsync/000065536:DELETE:2018-07-03 16:47:40
/home/lxx/rsync/000131072:DELETE:2018-07-03 16:47:58
/home/lxx/rsync/000262144:DELETE:2018-07-03 16:48:17
/home/lxx/rsync/000524288:DELETE:2018-07-03 16:48:47
/home/lxx/rsync/001048576:DELETE:2018-07-03 16:49:12
/home/lxx/rsync/002097152:DELETE:2018-07-03 16:49:46
/home/lxx/scp/gitconfig:DELETE:2018-07-03 21:23:42
/home/lxx/scp/000000001:DELETE:2018-07-03 21:24:42
/home/lxx/scp/000000001:DELETE:2018-07-03 21:25:09
/home/lxx/scp/000000001:DELETE:2018-07-03 21:25:33
/home/lxx/scp/000000001:DELETE:2018-07-03 21:26:07
/home/lxx/scp/000000002:DELETE:2018-07-03 21:26:31
/home/lxx/scp/000000001:DELETE:2018-07-03 21:30:58
/home/lxx/scp/000000002:DELETE:2018-07-03 21:31:13
/home/lxx/scp/000000004:DELETE:2018-07-03 21:31:30
/home/lxx/scp/000000008:DELETE:2018-07-03 21:31:45
/home/lxx/scp/000000016:DELETE:2018-07-03 21:32:05
/home/lxx/scp/000000032:DELETE:2018-07-03 21:32:21
/home/lxx/scp/000000064:DELETE:2018-07-03 21:32:42
/home/lxx/scp/000000128:DELETE:2018-07-03 21:33:01
/home/lxx/scp/000000256:DELETE:2018-07-03 21:33:17
/home/lxx/scp/000000512:DELETE:2018-07-03 21:33:46
/home/lxx/scp/000001024:DELETE:2018-07-03 21:34:06
/home/lxx/scp/000002048:DELETE:2018-07-03 21:34:29
/home/lxx/scp/000004196:DELETE:2018-07-03 21:35:20
/home/lxx/scp/000004096:DELETE:2018-07-03 21:35:36
/home/lxx/scp/000008192:DELETE:2018-07-03 21:35:58
/home/lxx/scp/000016384:DELETE:2018-07-03 21:36:22
/home/lxx/scp/000032768:DELETE:2018-07-03 21:36:46
/home/lxx/scp/000065536:DELETE:2018-07-03 21:37:10
/home/lxx/scp/000131072:DELETE:2018-07-03 21:37:45
/home/lxx/scp/000262144:DELETE:2018-07-03 21:38:06
/home/lxx/scp/000524288:DELETE:2018-07-03 21:38:31
/home/lxx/scp/001048576:DELETE:2018-07-03 21:38:54
/home/lxx/scp/002097152:DELETE:2018-07-03 21:39:21
/home/lxx/rsync/gitconfig:DELETE:2018-07-04 12:57:46
/home/lxx/rsync/advanced1.png:DELETE:2018-07-04 13:06:51
/home/lxx/rsync/Essential Linux Device Drivers.pdf:DELETE:2018-07-04 13:09:54
/home/lxx/rsync/000001024:DELETE:2018-07-04 13:17:55
/home/lxx/rsync/000001024:DELETE:2018-07-04 13:20:17
/home/lxx/rsync/haha:DELETE:2018-07-04 13:23:39
/home/lxx/rsync/hchc:DELETE:2018-07-04 13:23:39
/home/lxx/rsync/hdhd:DELETE:2018-07-04 13:23:39
/home/lxx/rsync/000001024:DELETE:2018-07-04 13:24:38
/home/lxx/rsync/000001024_001:DELETE:2018-07-04 13:27:59
/home/lxx/rsync/000001024_002:DELETE:2018-07-04 13:27:59
/home/lxx/rsync/000001024_003:DELETE:2018-07-04 13:27:59
/home/lxx/rsync/000001024_004:DELETE:2018-07-04 13:27:59
/home/lxx/rsync/000001024_005:DELETE:2018-07-04 13:27:59
/home/lxx/rsync/000001024_006:DELETE:2018-07-04 13:27:59
/home/lxx/rsync/000001024_007:DELETE:2018-07-04 13:27:59
/home/lxx/rsync/000001024_008:DELETE:2018-07-04 13:27:59
/home/lxx/rsync/000001024_009:DELETE:2018-07-04 13:27:59
/home/lxx/rsync/000001024_010:DELETE:2018-07-04 13:27:59
/home/lxx/rsync/000001024:DELETE:2018-07-04 13:30:06
/home/lxx/rsync/000001024_001:DELETE:2018-07-04 13:31:16
/home/lxx/rsync/000001024_002:DELETE:2018-07-04 13:31:16
/home/lxx/rsync/000001024_003:DELETE:2018-07-04 13:31:16
/home/lxx/rsync/000001024_004:DELETE:2018-07-04 13:31:16
/home/lxx/rsync/000001024_005:DELETE:2018-07-04 13:31:16
/home/lxx/rsync/000001024_006:DELETE:2018-07-04 13:31:16
/home/lxx/rsync/000001024_007:DELETE:2018-07-04 13:31:16
/home/lxx/rsync/000001024_008:DELETE:2018-07-04 13:31:16
/home/lxx/rsync/000001024_009:DELETE:2018-07-04 13:31:16
/home/lxx/rsync/000001024_010:DELETE:2018-07-04 13:31:16
/home/lxx/rsync/000001024:DELETE:2018-07-04 13:31:52
/home/lxx/rsync/000001024_001:DELETE:2018-07-04 13:35:26
/home/lxx/rsync/000001024_002:DELETE:2018-07-04 13:35:26
/home/lxx/rsync/000001024_003:DELETE:2018-07-04 13:35:26
/home/lxx/rsync/000001024_004:DELETE:2018-07-04 13:35:26
/home/lxx/rsync/000001024_005:DELETE:2018-07-04 13:35:26
/home/lxx/rsync/000001024_006:DELETE:2018-07-04 13:35:26
/home/lxx/rsync/000001024_007:DELETE:2018-07-04 13:35:26
/home/lxx/rsync/000001024_008:DELETE:2018-07-04 13:35:26
/home/lxx/rsync/000001024_009:DELETE:2018-07-04 13:35:26
/home/lxx/rsync/000001024_010:DELETE:2018-07-04 13:35:26
/home/lxx/rsync/000001024:DELETE:2018-07-04 13:39:55
/home/lxx/rsync/000001024:DELETE:2018-07-04 13:41:10
/home/lxx/rsync/000001025:DELETE:2018-07-04 13:48:18
/home/lxx/rsync/dump_nbftp_lgfile2_1conn:DELETE:2018-07-04 13:49:13
/home/lxx/rsync/000001025:DELETE:2018-07-04 13:51:10
/home/lxx/rsync/000001024:DELETE:2018-07-04 13:52:52
/home/lxx/rsync/000001024_001:DELETE:2018-07-04 13:53:20
/home/lxx/rsync/000001024_002:DELETE:2018-07-04 13:53:20
/home/lxx/rsync/000001024_003:DELETE:2018-07-04 13:53:20
/home/lxx/rsync/000001024_004:DELETE:2018-07-04 13:53:20
/home/lxx/rsync/000001024_005:DELETE:2018-07-04 13:53:20
/home/lxx/rsync/000001024_006:DELETE:2018-07-04 13:53:20
/home/lxx/rsync/000001024_007:DELETE:2018-07-04 13:53:20
/home/lxx/rsync/000001024_008:DELETE:2018-07-04 13:53:20
/home/lxx/rsync/000001024_009:DELETE:2018-07-04 13:53:20
/home/lxx/rsync/000001024_010:DELETE:2018-07-04 13:53:20
/home/lxx/rsync/000001024_001:DELETE:2018-07-04 13:53:55
/home/lxx/rsync/000001024_002:DELETE:2018-07-04 13:53:55
/home/lxx/rsync/000001024_003:DELETE:2018-07-04 13:53:55
/home/lxx/rsync/000001024_004:DELETE:2018-07-04 13:53:55
/home/lxx/rsync/000001024_005:DELETE:2018-07-04 13:53:55
/home/lxx/rsync/000001024_006:DELETE:2018-07-04 13:53:55
/home/lxx/rsync/000001024_007:DELETE:2018-07-04 13:53:55
/home/lxx/rsync/000001024_008:DELETE:2018-07-04 13:53:55
/home/lxx/rsync/000001024_009:DELETE:2018-07-04 13:53:55
/home/lxx/rsync/000001024_010:DELETE:2018-07-04 13:53:55
/home/lxx/rsync/000001024_011:DELETE:2018-07-04 13:53:55
/home/lxx/rsync/000001024_012:DELETE:2018-07-04 13:53:55
/home/lxx/rsync/000001024_013:DELETE:2018-07-04 13:53:55
/home/lxx/rsync/000001024_014:DELETE:2018-07-04 13:53:55
/home/lxx/rsync/000001024_015:DELETE:2018-07-04 13:53:55
/home/lxx/rsync/000001024_016:DELETE:2018-07-04 13:53:55
/home/lxx/rsync/000001024_017:DELETE:2018-07-04 13:53:55
/home/lxx/rsync/000001024_018:DELETE:2018-07-04 13:53:55
/home/lxx/rsync/000001024_019:DELETE:2018-07-04 13:53:55
/home/lxx/rsync/000001024_020:DELETE:2018-07-04 13:53:55
/home/lxx/rsync/000001024_001:DELETE:2018-07-04 13:56:35
/home/lxx/rsync/000001024_002:DELETE:2018-07-04 13:56:35
/home/lxx/rsync/000001024_003:DELETE:2018-07-04 13:56:35
/home/lxx/rsync/000001024_004:DELETE:2018-07-04 13:56:35
/home/lxx/rsync/000001024_005:DELETE:2018-07-04 13:56:35
/home/lxx/rsync/000001024_006:DELETE:2018-07-04 13:56:35
/home/lxx/rsync/000001024_007:DELETE:2018-07-04 13:56:35
/home/lxx/rsync/000001024_008:DELETE:2018-07-04 13:56:35
/home/lxx/rsync/000001024_009:DELETE:2018-07-04 13:56:35
/home/lxx/rsync/000001024_010:DELETE:2018-07-04 13:56:35
/home/lxx/rsync/000001024_011:DELETE:2018-07-04 13:56:35
/home/lxx/rsync/000001024_012:DELETE:2018-07-04 13:56:35
/home/lxx/rsync/000001024_013:DELETE:2018-07-04 13:56:35
/home/lxx/rsync/000001024_014:DELETE:2018-07-04 13:56:35
/home/lxx/rsync/000001024_015:DELETE:2018-07-04 13:56:35
/home/lxx/rsync/000001024_016:DELETE:2018-07-04 13:56:35
/home/lxx/rsync/000001024_017:DELETE:2018-07-04 13:56:35
/home/lxx/rsync/000001024_018:DELETE:2018-07-04 13:56:35
/home/lxx/rsync/000001024_019:DELETE:2018-07-04 13:56:35
/home/lxx/rsync/000001024_020:DELETE:2018-07-04 13:56:35
/home/lxx/rsync/000001024_021:DELETE:2018-07-04 13:56:35
/home/lxx/rsync/000001024_022:DELETE:2018-07-04 13:56:35
/home/lxx/rsync/000001024_023:DELETE:2018-07-04 13:56:35
/home/lxx/rsync/000001024_024:DELETE:2018-07-04 13:56:35
/home/lxx/rsync/000001024_025:DELETE:2018-07-04 13:56:35
/home/lxx/rsync/000001024_026:DELETE:2018-07-04 13:56:35
/home/lxx/rsync/000001024_027:DELETE:2018-07-04 13:56:35
/home/lxx/rsync/000001024_028:DELETE:2018-07-04 13:56:35
/home/lxx/rsync/000001024_029:DELETE:2018-07-04 13:56:35
/home/lxx/rsync/000001024_030:DELETE:2018-07-04 13:56:35
/home/lxx/rsync/000001024_001:DELETE:2018-07-04 13:56:53
/home/lxx/rsync/000001024_002:DELETE:2018-07-04 13:56:53
/home/lxx/rsync/000001024_003:DELETE:2018-07-04 13:56:53
/home/lxx/rsync/000001024_004:DELETE:2018-07-04 13:56:53
/home/lxx/rsync/000001024_005:DELETE:2018-07-04 13:56:53
/home/lxx/rsync/000001024_006:DELETE:2018-07-04 13:56:53
/home/lxx/rsync/000001024_007:DELETE:2018-07-04 13:56:53
/home/lxx/rsync/000001024_008:DELETE:2018-07-04 13:56:53
/home/lxx/rsync/000001024_009:DELETE:2018-07-04 13:56:53
/home/lxx/rsync/000001024_010:DELETE:2018-07-04 13:56:53
/home/lxx/rsync/000001024_001:DELETE:2018-07-04 13:57:18
/home/lxx/rsync/000001024_002:DELETE:2018-07-04 13:57:18
/home/lxx/rsync/000001024_003:DELETE:2018-07-04 13:57:18
/home/lxx/rsync/000001024_004:DELETE:2018-07-04 13:57:18
/home/lxx/rsync/000001024_005:DELETE:2018-07-04 13:57:18
/home/lxx/rsync/000001024_006:DELETE:2018-07-04 13:57:18
/home/lxx/rsync/000001024_007:DELETE:2018-07-04 13:57:18
/home/lxx/rsync/000001024_008:DELETE:2018-07-04 13:57:18
/home/lxx/rsync/000001024_009:DELETE:2018-07-04 13:57:18
/home/lxx/rsync/000001024_010:DELETE:2018-07-04 13:57:18
/home/lxx/rsync/000001024_011:DELETE:2018-07-04 13:57:18
/home/lxx/rsync/000001024_012:DELETE:2018-07-04 13:57:18
/home/lxx/rsync/000001024_013:DELETE:2018-07-04 13:57:18
/home/lxx/rsync/000001024_014:DELETE:2018-07-04 13:57:18
/home/lxx/rsync/000001024_015:DELETE:2018-07-04 13:57:18
/home/lxx/rsync/000001024_016:DELETE:2018-07-04 13:57:18
/home/lxx/rsync/000001024_017:DELETE:2018-07-04 13:57:18
/home/lxx/rsync/000001024_018:DELETE:2018-07-04 13:57:18
/home/lxx/rsync/000001024_019:DELETE:2018-07-04 13:57:18
/home/lxx/rsync/000001024_020:DELETE:2018-07-04 13:57:18
/home/lxx/rsync/000001024_001:DELETE:2018-07-04 13:57:38
/home/lxx/rsync/000001024_002:DELETE:2018-07-04 13:57:38
/home/lxx/rsync/000001024_003:DELETE:2018-07-04 13:57:38
/home/lxx/rsync/000001024_004:DELETE:2018-07-04 13:57:38
/home/lxx/rsync/000001024_005:DELETE:2018-07-04 13:57:38
/home/lxx/rsync/000001024_006:DELETE:2018-07-04 13:57:38
/home/lxx/rsync/000001024_007:DELETE:2018-07-04 13:57:38
/home/lxx/rsync/000001024_008:DELETE:2018-07-04 13:57:38
/home/lxx/rsync/000001024_009:DELETE:2018-07-04 13:57:38
/home/lxx/rsync/000001024_010:DELETE:2018-07-04 13:57:38
/home/lxx/rsync/000001024_011:DELETE:2018-07-04 13:57:38
/home/lxx/rsync/000001024_012:DELETE:2018-07-04 13:57:38
/home/lxx/rsync/000001024_013:DELETE:2018-07-04 13:57:38
/home/lxx/rsync/000001024_014:DELETE:2018-07-04 13:57:38
/home/lxx/rsync/000001024_015:DELETE:2018-07-04 13:57:38
/home/lxx/rsync/000001024_016:DELETE:2018-07-04 13:57:38
/home/lxx/rsync/000001024_017:DELETE:2018-07-04 13:57:38
/home/lxx/rsync/000001024_018:DELETE:2018-07-04 13:57:38
/home/lxx/rsync/000001024_019:DELETE:2018-07-04 13:57:38
/home/lxx/rsync/000001024_020:DELETE:2018-07-04 13:57:38
/home/lxx/rsync/000001024_021:DELETE:2018-07-04 13:57:38
/home/lxx/rsync/000001024_022:DELETE:2018-07-04 13:57:38
/home/lxx/rsync/000001024_023:DELETE:2018-07-04 13:57:38
/home/lxx/rsync/000001024_024:DELETE:2018-07-04 13:57:38
/home/lxx/rsync/000001024_025:DELETE:2018-07-04 13:57:38
/home/lxx/rsync/000001024_026:DELETE:2018-07-04 13:57:38
/home/lxx/rsync/000001024_027:DELETE:2018-07-04 13:57:38
/home/lxx/rsync/000001024_028:DELETE:2018-07-04 13:57:38
/home/lxx/rsync/000001024_029:DELETE:2018-07-04 13:57:38
/home/lxx/rsync/000001024_030:DELETE:2018-07-04 13:57:38
/home/lxx/rsync/000001024_001:DELETE:2018-07-04 13:58:07
/home/lxx/rsync/000001024_002:DELETE:2018-07-04 13:58:07
/home/lxx/rsync/000001024_003:DELETE:2018-07-04 13:58:07
/home/lxx/rsync/000001024_004:DELETE:2018-07-04 13:58:07
/home/lxx/rsync/000001024_005:DELETE:2018-07-04 13:58:07
/home/lxx/rsync/000001024_006:DELETE:2018-07-04 13:58:07
/home/lxx/rsync/000001024_007:DELETE:2018-07-04 13:58:07
/home/lxx/rsync/000001024_008:DELETE:2018-07-04 13:58:07
/home/lxx/rsync/000001024_009:DELETE:2018-07-04 13:58:07
/home/lxx/rsync/000001024_010:DELETE:2018-07-04 13:58:07
/home/lxx/rsync/000001024_011:DELETE:2018-07-04 13:58:07
/home/lxx/rsync/000001024_012:DELETE:2018-07-04 13:58:07
/home/lxx/rsync/000001024_013:DELETE:2018-07-04 13:58:07
/home/lxx/rsync/000001024_014:DELETE:2018-07-04 13:58:07
/home/lxx/rsync/000001024_015:DELETE:2018-07-04 13:58:07
/home/lxx/rsync/000001024_016:DELETE:2018-07-04 13:58:07
/home/lxx/rsync/000001024_017:DELETE:2018-07-04 13:58:07
/home/lxx/rsync/000001024_018:DELETE:2018-07-04 13:58:07
/home/lxx/rsync/000001024_019:DELETE:2018-07-04 13:58:07
/home/lxx/rsync/000001024_020:DELETE:2018-07-04 13:58:07
/home/lxx/rsync/000001024_021:DELETE:2018-07-04 13:58:07
/home/lxx/rsync/000001024_022:DELETE:2018-07-04 13:58:07
/home/lxx/rsync/000001024_023:DELETE:2018-07-04 13:58:07
/home/lxx/rsync/000001024_024:DELETE:2018-07-04 13:58:07
/home/lxx/rsync/000001024_025:DELETE:2018-07-04 13:58:07
/home/lxx/rsync/000001024_026:DELETE:2018-07-04 13:58:07
/home/lxx/rsync/000001024_027:DELETE:2018-07-04 13:58:07
/home/lxx/rsync/000001024_028:DELETE:2018-07-04 13:58:07
/home/lxx/rsync/000001024_029:DELETE:2018-07-04 13:58:07
/home/lxx/rsync/000001024_030:DELETE:2018-07-04 13:58:07
/home/lxx/rsync/000001024_031:DELETE:2018-07-04 13:58:07
/home/lxx/rsync/000001024_032:DELETE:2018-07-04 13:58:07
/home/lxx/rsync/000001024_033:DELETE:2018-07-04 13:58:07
/home/lxx/rsync/000001024_034:DELETE:2018-07-04 13:58:07
/home/lxx/rsync/000001024_035:DELETE:2018-07-04 13:58:07
/home/lxx/rsync/000001024_036:DELETE:2018-07-04 13:58:07
/home/lxx/rsync/000001024_037:DELETE:2018-07-04 13:58:07
/home/lxx/rsync/000001024_038:DELETE:2018-07-04 13:58:07
/home/lxx/rsync/000001024_039:DELETE:2018-07-04 13:58:07
/home/lxx/rsync/000001024_040:DELETE:2018-07-04 13:58:07
/home/lxx/rsync/000001024_001:DELETE:2018-07-04 13:58:56
/home/lxx/rsync/000001024_002:DELETE:2018-07-04 13:58:56
/home/lxx/rsync/000001024_003:DELETE:2018-07-04 13:58:56
/home/lxx/rsync/000001024_004:DELETE:2018-07-04 13:58:56
/home/lxx/rsync/000001024_005:DELETE:2018-07-04 13:58:56
/home/lxx/rsync/000001024_006:DELETE:2018-07-04 13:58:56
/home/lxx/rsync/000001024_007:DELETE:2018-07-04 13:58:56
/home/lxx/rsync/000001024_008:DELETE:2018-07-04 13:58:56
/home/lxx/rsync/000001024_009:DELETE:2018-07-04 13:58:56
/home/lxx/rsync/000001024_010:DELETE:2018-07-04 13:58:56
/home/lxx/rsync/000001024_011:DELETE:2018-07-04 13:58:56
/home/lxx/rsync/000001024_012:DELETE:2018-07-04 13:58:56
/home/lxx/rsync/000001024_013:DELETE:2018-07-04 13:58:56
/home/lxx/rsync/000001024_014:DELETE:2018-07-04 13:58:56
/home/lxx/rsync/000001024_015:DELETE:2018-07-04 13:58:56
/home/lxx/rsync/000001024_016:DELETE:2018-07-04 13:58:56
/home/lxx/rsync/000001024_017:DELETE:2018-07-04 13:58:56
/home/lxx/rsync/000001024_018:DELETE:2018-07-04 13:58:56
/home/lxx/rsync/000001024_019:DELETE:2018-07-04 13:58:56
/home/lxx/rsync/000001024_020:DELETE:2018-07-04 13:58:56
/home/lxx/rsync/000001024_021:DELETE:2018-07-04 13:58:56
/home/lxx/rsync/000001024_022:DELETE:2018-07-04 13:58:56
/home/lxx/rsync/000001024_023:DELETE:2018-07-04 13:58:56
/home/lxx/rsync/000001024_024:DELETE:2018-07-04 13:58:56
/home/lxx/rsync/000001024_025:DELETE:2018-07-04 13:58:56
/home/lxx/rsync/000001024_026:DELETE:2018-07-04 13:58:56
/home/lxx/rsync/000001024_027:DELETE:2018-07-04 13:58:56
/home/lxx/rsync/000001024_028:DELETE:2018-07-04 13:58:56
/home/lxx/rsync/000001024_029:DELETE:2018-07-04 13:58:56
/home/lxx/rsync/000001024_030:DELETE:2018-07-04 13:58:56
/home/lxx/rsync/000001024_031:DELETE:2018-07-04 13:58:56
/home/lxx/rsync/000001024_032:DELETE:2018-07-04 13:58:56
/home/lxx/rsync/000001024_033:DELETE:2018-07-04 13:58:56
/home/lxx/rsync/000001024_034:DELETE:2018-07-04 13:58:56
/home/lxx/rsync/000001024_035:DELETE:2018-07-04 13:58:56
/home/lxx/rsync/000001024_036:DELETE:2018-07-04 13:58:56
/home/lxx/rsync/000001024_037:DELETE:2018-07-04 13:58:56
/home/lxx/rsync/000001024_038:DELETE:2018-07-04 13:58:56
/home/lxx/rsync/000001024_039:DELETE:2018-07-04 13:58:56
/home/lxx/rsync/000001024_040:DELETE:2018-07-04 13:58:56
/home/lxx/rsync/000001024_041:DELETE:2018-07-04 13:58:56
/home/lxx/rsync/000001024_042:DELETE:2018-07-04 13:58:56
/home/lxx/rsync/000001024_043:DELETE:2018-07-04 13:58:56
/home/lxx/rsync/000001024_044:DELETE:2018-07-04 13:58:56
/home/lxx/rsync/000001024_045:DELETE:2018-07-04 13:58:56
/home/lxx/rsync/000001024_046:DELETE:2018-07-04 13:58:56
/home/lxx/rsync/000001024_047:DELETE:2018-07-04 13:58:56
/home/lxx/rsync/000001024_048:DELETE:2018-07-04 13:58:56
/home/lxx/rsync/000001024_049:DELETE:2018-07-04 13:58:56
/home/lxx/rsync/000001024_050:DELETE:2018-07-04 13:58:56
/home/lxx/rsync/000001024_001:DELETE:2018-07-04 14:00:26
/home/lxx/rsync/000001024_002:DELETE:2018-07-04 14:00:26
/home/lxx/rsync/000001024_003:DELETE:2018-07-04 14:00:26
/home/lxx/rsync/000001024_004:DELETE:2018-07-04 14:00:26
/home/lxx/rsync/000001024_005:DELETE:2018-07-04 14:00:26
/home/lxx/rsync/000001024_006:DELETE:2018-07-04 14:00:26
/home/lxx/rsync/000001024_007:DELETE:2018-07-04 14:00:26
/home/lxx/rsync/000001024_008:DELETE:2018-07-04 14:00:26
/home/lxx/rsync/000001024_009:DELETE:2018-07-04 14:00:26
/home/lxx/rsync/000001024_010:DELETE:2018-07-04 14:00:26
/home/lxx/rsync/000001024_011:DELETE:2018-07-04 14:00:26
/home/lxx/rsync/000001024_012:DELETE:2018-07-04 14:00:26
/home/lxx/rsync/000001024_013:DELETE:2018-07-04 14:00:26
/home/lxx/rsync/000001024_014:DELETE:2018-07-04 14:00:26
/home/lxx/rsync/000001024_015:DELETE:2018-07-04 14:00:26
/home/lxx/rsync/000001024_016:DELETE:2018-07-04 14:00:26
/home/lxx/rsync/000001024_017:DELETE:2018-07-04 14:00:26
/home/lxx/rsync/000001024_018:DELETE:2018-07-04 14:00:26
/home/lxx/rsync/000001024_019:DELETE:2018-07-04 14:00:26
/home/lxx/rsync/000001024_020:DELETE:2018-07-04 14:00:26
/home/lxx/rsync/000001024_021:DELETE:2018-07-04 14:00:26
/home/lxx/rsync/000001024_022:DELETE:2018-07-04 14:00:26
/home/lxx/rsync/000001024_023:DELETE:2018-07-04 14:00:26
/home/lxx/rsync/000001024_024:DELETE:2018-07-04 14:00:26
/home/lxx/rsync/000001024_025:DELETE:2018-07-04 14:00:26
/home/lxx/rsync/000001024_026:DELETE:2018-07-04 14:00:26
/home/lxx/rsync/000001024_027:DELETE:2018-07-04 14:00:26
/home/lxx/rsync/000001024_028:DELETE:2018-07-04 14:00:26
/home/lxx/rsync/000001024_029:DELETE:2018-07-04 14:00:26
/home/lxx/rsync/000001024_030:DELETE:2018-07-04 14:00:26
/home/lxx/rsync/000001024_031:DELETE:2018-07-04 14:00:26
/home/lxx/rsync/000001024_032:DELETE:2018-07-04 14:00:26
/home/lxx/rsync/000001024_033:DELETE:2018-07-04 14:00:26
/home/lxx/rsync/000001024_034:DELETE:2018-07-04 14:00:26
/home/lxx/rsync/000001024_035:DELETE:2018-07-04 14:00:26
/home/lxx/rsync/000001024_036:DELETE:2018-07-04 14:00:26
/home/lxx/rsync/000001024_037:DELETE:2018-07-04 14:00:26
/home/lxx/rsync/000001024_038:DELETE:2018-07-04 14:00:26
/home/lxx/rsync/000001024_039:DELETE:2018-07-04 14:00:26
/home/lxx/rsync/000001024_040:DELETE:2018-07-04 14:00:26
/home/lxx/rsync/000001024_041:DELETE:2018-07-04 14:00:26
/home/lxx/rsync/000001024_042:DELETE:2018-07-04 14:00:26
/home/lxx/rsync/000001024_043:DELETE:2018-07-04 14:00:26
/home/lxx/rsync/000001024_044:DELETE:2018-07-04 14:00:26
/home/lxx/rsync/000001024_045:DELETE:2018-07-04 14:00:26
/home/lxx/rsync/000001024_046:DELETE:2018-07-04 14:00:26
/home/lxx/rsync/000001024_047:DELETE:2018-07-04 14:00:26
/home/lxx/rsync/000001024_048:DELETE:2018-07-04 14:00:26
/home/lxx/rsync/000001024_049:DELETE:2018-07-04 14:00:26
/home/lxx/rsync/000001024_050:DELETE:2018-07-04 14:00:26
/home/lxx/rsync/000001024_051:DELETE:2018-07-04 14:00:26
/home/lxx/rsync/000001024_052:DELETE:2018-07-04 14:00:26
/home/lxx/rsync/000001024_053:DELETE:2018-07-04 14:00:26
/home/lxx/rsync/000001024_054:DELETE:2018-07-04 14:00:26
/home/lxx/rsync/000001024_055:DELETE:2018-07-04 14:00:26
/home/lxx/rsync/000001024_056:DELETE:2018-07-04 14:00:26
/home/lxx/rsync/000001024_057:DELETE:2018-07-04 14:00:26
/home/lxx/rsync/000001024_058:DELETE:2018-07-04 14:00:26
/home/lxx/rsync/000001024_059:DELETE:2018-07-04 14:00:26
/home/lxx/rsync/000001024_060:DELETE:2018-07-04 14:00:26
/home/lxx/rsync/000001024_001:DELETE:2018-07-04 14:00:49
/home/lxx/rsync/000001024_002:DELETE:2018-07-04 14:00:49
/home/lxx/rsync/000001024_003:DELETE:2018-07-04 14:00:49
/home/lxx/rsync/000001024_004:DELETE:2018-07-04 14:00:49
/home/lxx/rsync/000001024_005:DELETE:2018-07-04 14:00:49
/home/lxx/rsync/000001024_006:DELETE:2018-07-04 14:00:49
/home/lxx/rsync/000001024_007:DELETE:2018-07-04 14:00:49
/home/lxx/rsync/000001024_008:DELETE:2018-07-04 14:00:49
/home/lxx/rsync/000001024_009:DELETE:2018-07-04 14:00:49
/home/lxx/rsync/000001024_010:DELETE:2018-07-04 14:00:49
/home/lxx/rsync/000001024_011:DELETE:2018-07-04 14:00:49
/home/lxx/rsync/000001024_012:DELETE:2018-07-04 14:00:49
/home/lxx/rsync/000001024_013:DELETE:2018-07-04 14:00:49
/home/lxx/rsync/000001024_014:DELETE:2018-07-04 14:00:49
/home/lxx/rsync/000001024_015:DELETE:2018-07-04 14:00:49
/home/lxx/rsync/000001024_016:DELETE:2018-07-04 14:00:49
/home/lxx/rsync/000001024_017:DELETE:2018-07-04 14:00:49
/home/lxx/rsync/000001024_018:DELETE:2018-07-04 14:00:49
/home/lxx/rsync/000001024_019:DELETE:2018-07-04 14:00:49
/home/lxx/rsync/000001024_020:DELETE:2018-07-04 14:00:49
/home/lxx/rsync/000001024_021:DELETE:2018-07-04 14:00:49
/home/lxx/rsync/000001024_022:DELETE:2018-07-04 14:00:49
/home/lxx/rsync/000001024_023:DELETE:2018-07-04 14:00:49
/home/lxx/rsync/000001024_024:DELETE:2018-07-04 14:00:49
/home/lxx/rsync/000001024_025:DELETE:2018-07-04 14:00:49
/home/lxx/rsync/000001024_026:DELETE:2018-07-04 14:00:49
/home/lxx/rsync/000001024_027:DELETE:2018-07-04 14:00:49
/home/lxx/rsync/000001024_028:DELETE:2018-07-04 14:00:49
/home/lxx/rsync/000001024_029:DELETE:2018-07-04 14:00:49
/home/lxx/rsync/000001024_030:DELETE:2018-07-04 14:00:49
/home/lxx/rsync/000001024_031:DELETE:2018-07-04 14:00:49
/home/lxx/rsync/000001024_032:DELETE:2018-07-04 14:00:49
/home/lxx/rsync/000001024_033:DELETE:2018-07-04 14:00:49
/home/lxx/rsync/000001024_034:DELETE:2018-07-04 14:00:49
/home/lxx/rsync/000001024_035:DELETE:2018-07-04 14:00:49
/home/lxx/rsync/000001024_036:DELETE:2018-07-04 14:00:49
/home/lxx/rsync/000001024_037:DELETE:2018-07-04 14:00:49
/home/lxx/rsync/000001024_038:DELETE:2018-07-04 14:00:49
/home/lxx/rsync/000001024_039:DELETE:2018-07-04 14:00:49
/home/lxx/rsync/000001024_040:DELETE:2018-07-04 14:00:49
/home/lxx/rsync/000001024_041:DELETE:2018-07-04 14:00:49
/home/lxx/rsync/000001024_042:DELETE:2018-07-04 14:00:49
/home/lxx/rsync/000001024_043:DELETE:2018-07-04 14:00:49
/home/lxx/rsync/000001024_044:DELETE:2018-07-04 14:00:49
/home/lxx/rsync/000001024_045:DELETE:2018-07-04 14:00:49
/home/lxx/rsync/000001024_046:DELETE:2018-07-04 14:00:49
/home/lxx/rsync/000001024_047:DELETE:2018-07-04 14:00:49
/home/lxx/rsync/000001024_048:DELETE:2018-07-04 14:00:49
/home/lxx/rsync/000001024_049:DELETE:2018-07-04 14:00:49
/home/lxx/rsync/000001024_050:DELETE:2018-07-04 14:00:49
/home/lxx/rsync/000001024_051:DELETE:2018-07-04 14:00:49
/home/lxx/rsync/000001024_052:DELETE:2018-07-04 14:00:49
/home/lxx/rsync/000001024_053:DELETE:2018-07-04 14:00:49
/home/lxx/rsync/000001024_054:DELETE:2018-07-04 14:00:49
/home/lxx/rsync/000001024_055:DELETE:2018-07-04 14:00:49
/home/lxx/rsync/000001024_056:DELETE:2018-07-04 14:00:49
/home/lxx/rsync/000001024_057:DELETE:2018-07-04 14:00:49
/home/lxx/rsync/000001024_058:DELETE:2018-07-04 14:00:49
/home/lxx/rsync/000001024_059:DELETE:2018-07-04 14:00:49
/home/lxx/rsync/000001024_060:DELETE:2018-07-04 14:00:49
/home/lxx/rsync/000001024_061:DELETE:2018-07-04 14:00:49
/home/lxx/rsync/000001024_062:DELETE:2018-07-04 14:00:49
/home/lxx/rsync/000001024_063:DELETE:2018-07-04 14:00:49
/home/lxx/rsync/000001024_064:DELETE:2018-07-04 14:00:49
/home/lxx/rsync/000001024_065:DELETE:2018-07-04 14:00:49
/home/lxx/rsync/000001024_066:DELETE:2018-07-04 14:00:49
/home/lxx/rsync/000001024_067:DELETE:2018-07-04 14:00:49
/home/lxx/rsync/000001024_068:DELETE:2018-07-04 14:00:49
/home/lxx/rsync/000001024_069:DELETE:2018-07-04 14:00:49
/home/lxx/rsync/000001024_070:DELETE:2018-07-04 14:00:49
/home/lxx/rsync/000001024_001:DELETE:2018-07-04 14:01:14
/home/lxx/rsync/000001024_002:DELETE:2018-07-04 14:01:14
/home/lxx/rsync/000001024_003:DELETE:2018-07-04 14:01:14
/home/lxx/rsync/000001024_004:DELETE:2018-07-04 14:01:14
/home/lxx/rsync/000001024_005:DELETE:2018-07-04 14:01:14
/home/lxx/rsync/000001024_006:DELETE:2018-07-04 14:01:14
/home/lxx/rsync/000001024_007:DELETE:2018-07-04 14:01:14
/home/lxx/rsync/000001024_008:DELETE:2018-07-04 14:01:14
/home/lxx/rsync/000001024_009:DELETE:2018-07-04 14:01:14
/home/lxx/rsync/000001024_010:DELETE:2018-07-04 14:01:14
/home/lxx/rsync/000001024_011:DELETE:2018-07-04 14:01:14
/home/lxx/rsync/000001024_012:DELETE:2018-07-04 14:01:14
/home/lxx/rsync/000001024_013:DELETE:2018-07-04 14:01:14
/home/lxx/rsync/000001024_014:DELETE:2018-07-04 14:01:14
/home/lxx/rsync/000001024_015:DELETE:2018-07-04 14:01:14
/home/lxx/rsync/000001024_016:DELETE:2018-07-04 14:01:14
/home/lxx/rsync/000001024_017:DELETE:2018-07-04 14:01:14
/home/lxx/rsync/000001024_018:DELETE:2018-07-04 14:01:14
/home/lxx/rsync/000001024_019:DELETE:2018-07-04 14:01:14
/home/lxx/rsync/000001024_020:DELETE:2018-07-04 14:01:14
/home/lxx/rsync/000001024_021:DELETE:2018-07-04 14:01:14
/home/lxx/rsync/000001024_022:DELETE:2018-07-04 14:01:14
/home/lxx/rsync/000001024_023:DELETE:2018-07-04 14:01:14
/home/lxx/rsync/000001024_024:DELETE:2018-07-04 14:01:14
/home/lxx/rsync/000001024_025:DELETE:2018-07-04 14:01:14
/home/lxx/rsync/000001024_026:DELETE:2018-07-04 14:01:14
/home/lxx/rsync/000001024_027:DELETE:2018-07-04 14:01:14
/home/lxx/rsync/000001024_028:DELETE:2018-07-04 14:01:14
/home/lxx/rsync/000001024_029:DELETE:2018-07-04 14:01:14
/home/lxx/rsync/000001024_030:DELETE:2018-07-04 14:01:14
/home/lxx/rsync/000001024_031:DELETE:2018-07-04 14:01:14
/home/lxx/rsync/000001024_032:DELETE:2018-07-04 14:01:14
/home/lxx/rsync/000001024_033:DELETE:2018-07-04 14:01:14
/home/lxx/rsync/000001024_034:DELETE:2018-07-04 14:01:14
/home/lxx/rsync/000001024_035:DELETE:2018-07-04 14:01:14
/home/lxx/rsync/000001024_036:DELETE:2018-07-04 14:01:14
/home/lxx/rsync/000001024_037:DELETE:2018-07-04 14:01:14
/home/lxx/rsync/000001024_038:DELETE:2018-07-04 14:01:14
/home/lxx/rsync/000001024_039:DELETE:2018-07-04 14:01:14
/home/lxx/rsync/000001024_040:DELETE:2018-07-04 14:01:14
/home/lxx/rsync/000001024_041:DELETE:2018-07-04 14:01:14
/home/lxx/rsync/000001024_042:DELETE:2018-07-04 14:01:14
/home/lxx/rsync/000001024_043:DELETE:2018-07-04 14:01:14
/home/lxx/rsync/000001024_044:DELETE:2018-07-04 14:01:14
/home/lxx/rsync/000001024_045:DELETE:2018-07-04 14:01:14
/home/lxx/rsync/000001024_046:DELETE:2018-07-04 14:01:14
/home/lxx/rsync/000001024_047:DELETE:2018-07-04 14:01:14
/home/lxx/rsync/000001024_048:DELETE:2018-07-04 14:01:14
/home/lxx/rsync/000001024_049:DELETE:2018-07-04 14:01:14
/home/lxx/rsync/000001024_050:DELETE:2018-07-04 14:01:14
/home/lxx/rsync/000001024_051:DELETE:2018-07-04 14:01:14
/home/lxx/rsync/000001024_052:DELETE:2018-07-04 14:01:14
/home/lxx/rsync/000001024_053:DELETE:2018-07-04 14:01:14
/home/lxx/rsync/000001024_054:DELETE:2018-07-04 14:01:14
/home/lxx/rsync/000001024_055:DELETE:2018-07-04 14:01:14
/home/lxx/rsync/000001024_056:DELETE:2018-07-04 14:01:14
/home/lxx/rsync/000001024_057:DELETE:2018-07-04 14:01:14
/home/lxx/rsync/000001024_058:DELETE:2018-07-04 14:01:14
/home/lxx/rsync/000001024_059:DELETE:2018-07-04 14:01:14
/home/lxx/rsync/000001024_060:DELETE:2018-07-04 14:01:14
/home/lxx/rsync/000001024_061:DELETE:2018-07-04 14:01:14
/home/lxx/rsync/000001024_062:DELETE:2018-07-04 14:01:14
/home/lxx/rsync/000001024_063:DELETE:2018-07-04 14:01:14
/home/lxx/rsync/000001024_064:DELETE:2018-07-04 14:01:14
/home/lxx/rsync/000001024_065:DELETE:2018-07-04 14:01:14
/home/lxx/rsync/000001024_066:DELETE:2018-07-04 14:01:14
/home/lxx/rsync/000001024_067:DELETE:2018-07-04 14:01:14
/home/lxx/rsync/000001024_068:DELETE:2018-07-04 14:01:14
/home/lxx/rsync/000001024_069:DELETE:2018-07-04 14:01:14
/home/lxx/rsync/000001024_070:DELETE:2018-07-04 14:01:14
/home/lxx/rsync/000001024_071:DELETE:2018-07-04 14:01:14
/home/lxx/rsync/000001024_072:DELETE:2018-07-04 14:01:14
/home/lxx/rsync/000001024_073:DELETE:2018-07-04 14:01:14
/home/lxx/rsync/000001024_074:DELETE:2018-07-04 14:01:14
/home/lxx/rsync/000001024_075:DELETE:2018-07-04 14:01:14
/home/lxx/rsync/000001024_076:DELETE:2018-07-04 14:01:14
/home/lxx/rsync/000001024_077:DELETE:2018-07-04 14:01:14
/home/lxx/rsync/000001024_078:DELETE:2018-07-04 14:01:14
/home/lxx/rsync/000001024_079:DELETE:2018-07-04 14:01:14
/home/lxx/rsync/000001024_080:DELETE:2018-07-04 14:01:14
/home/lxx/rsync/000001024_001:DELETE:2018-07-04 14:01:40
/home/lxx/rsync/000001024_002:DELETE:2018-07-04 14:01:40
/home/lxx/rsync/000001024_003:DELETE:2018-07-04 14:01:40
/home/lxx/rsync/000001024_004:DELETE:2018-07-04 14:01:40
/home/lxx/rsync/000001024_005:DELETE:2018-07-04 14:01:40
/home/lxx/rsync/000001024_006:DELETE:2018-07-04 14:01:40
/home/lxx/rsync/000001024_007:DELETE:2018-07-04 14:01:40
/home/lxx/rsync/000001024_008:DELETE:2018-07-04 14:01:40
/home/lxx/rsync/000001024_009:DELETE:2018-07-04 14:01:40
/home/lxx/rsync/000001024_010:DELETE:2018-07-04 14:01:40
/home/lxx/rsync/000001024_011:DELETE:2018-07-04 14:01:40
/home/lxx/rsync/000001024_012:DELETE:2018-07-04 14:01:40
/home/lxx/rsync/000001024_013:DELETE:2018-07-04 14:01:40
/home/lxx/rsync/000001024_014:DELETE:2018-07-04 14:01:40
/home/lxx/rsync/000001024_015:DELETE:2018-07-04 14:01:40
/home/lxx/rsync/000001024_016:DELETE:2018-07-04 14:01:40
/home/lxx/rsync/000001024_017:DELETE:2018-07-04 14:01:40
/home/lxx/rsync/000001024_018:DELETE:2018-07-04 14:01:40
/home/lxx/rsync/000001024_019:DELETE:2018-07-04 14:01:40
/home/lxx/rsync/000001024_020:DELETE:2018-07-04 14:01:40
/home/lxx/rsync/000001024_021:DELETE:2018-07-04 14:01:40
/home/lxx/rsync/000001024_022:DELETE:2018-07-04 14:01:40
/home/lxx/rsync/000001024_023:DELETE:2018-07-04 14:01:40
/home/lxx/rsync/000001024_024:DELETE:2018-07-04 14:01:40
/home/lxx/rsync/000001024_025:DELETE:2018-07-04 14:01:40
/home/lxx/rsync/000001024_026:DELETE:2018-07-04 14:01:40
/home/lxx/rsync/000001024_027:DELETE:2018-07-04 14:01:40
/home/lxx/rsync/000001024_028:DELETE:2018-07-04 14:01:40
/home/lxx/rsync/000001024_029:DELETE:2018-07-04 14:01:40
/home/lxx/rsync/000001024_030:DELETE:2018-07-04 14:01:40
/home/lxx/rsync/000001024_031:DELETE:2018-07-04 14:01:40
/home/lxx/rsync/000001024_032:DELETE:2018-07-04 14:01:40
/home/lxx/rsync/000001024_033:DELETE:2018-07-04 14:01:40
/home/lxx/rsync/000001024_034:DELETE:2018-07-04 14:01:40
/home/lxx/rsync/000001024_035:DELETE:2018-07-04 14:01:40
/home/lxx/rsync/000001024_036:DELETE:2018-07-04 14:01:40
/home/lxx/rsync/000001024_037:DELETE:2018-07-04 14:01:40
/home/lxx/rsync/000001024_038:DELETE:2018-07-04 14:01:40
/home/lxx/rsync/000001024_039:DELETE:2018-07-04 14:01:40
/home/lxx/rsync/000001024_040:DELETE:2018-07-04 14:01:40
/home/lxx/rsync/000001024_041:DELETE:2018-07-04 14:01:40
/home/lxx/rsync/000001024_042:DELETE:2018-07-04 14:01:40
/home/lxx/rsync/000001024_043:DELETE:2018-07-04 14:01:40
/home/lxx/rsync/000001024_044:DELETE:2018-07-04 14:01:40
/home/lxx/rsync/000001024_045:DELETE:2018-07-04 14:01:40
/home/lxx/rsync/000001024_046:DELETE:2018-07-04 14:01:40
/home/lxx/rsync/000001024_047:DELETE:2018-07-04 14:01:40
/home/lxx/rsync/000001024_048:DELETE:2018-07-04 14:01:40
/home/lxx/rsync/000001024_049:DELETE:2018-07-04 14:01:40
/home/lxx/rsync/000001024_050:DELETE:2018-07-04 14:01:40
/home/lxx/rsync/000001024_051:DELETE:2018-07-04 14:01:40
/home/lxx/rsync/000001024_052:DELETE:2018-07-04 14:01:40
/home/lxx/rsync/000001024_053:DELETE:2018-07-04 14:01:40
/home/lxx/rsync/000001024_054:DELETE:2018-07-04 14:01:40
/home/lxx/rsync/000001024_055:DELETE:2018-07-04 14:01:40
/home/lxx/rsync/000001024_056:DELETE:2018-07-04 14:01:40
/home/lxx/rsync/000001024_057:DELETE:2018-07-04 14:01:40
/home/lxx/rsync/000001024_058:DELETE:2018-07-04 14:01:40
/home/lxx/rsync/000001024_059:DELETE:2018-07-04 14:01:40
/home/lxx/rsync/000001024_060:DELETE:2018-07-04 14:01:40
/home/lxx/rsync/000001024_061:DELETE:2018-07-04 14:01:40
/home/lxx/rsync/000001024_062:DELETE:2018-07-04 14:01:40
/home/lxx/rsync/000001024_063:DELETE:2018-07-04 14:01:40
/home/lxx/rsync/000001024_064:DELETE:2018-07-04 14:01:40
/home/lxx/rsync/000001024_065:DELETE:2018-07-04 14:01:40
/home/lxx/rsync/000001024_066:DELETE:2018-07-04 14:01:40
/home/lxx/rsync/000001024_067:DELETE:2018-07-04 14:01:40
/home/lxx/rsync/000001024_068:DELETE:2018-07-04 14:01:40
/home/lxx/rsync/000001024_069:DELETE:2018-07-04 14:01:40
/home/lxx/rsync/000001024_070:DELETE:2018-07-04 14:01:40
/home/lxx/rsync/000001024_071:DELETE:2018-07-04 14:01:40
/home/lxx/rsync/000001024_072:DELETE:2018-07-04 14:01:40
/home/lxx/rsync/000001024_073:DELETE:2018-07-04 14:01:40
/home/lxx/rsync/000001024_074:DELETE:2018-07-04 14:01:40
/home/lxx/rsync/000001024_075:DELETE:2018-07-04 14:01:40
/home/lxx/rsync/000001024_076:DELETE:2018-07-04 14:01:40
/home/lxx/rsync/000001024_077:DELETE:2018-07-04 14:01:40
/home/lxx/rsync/000001024_078:DELETE:2018-07-04 14:01:40
/home/lxx/rsync/000001024_079:DELETE:2018-07-04 14:01:40
/home/lxx/rsync/000001024_080:DELETE:2018-07-04 14:01:40
/home/lxx/rsync/000001024_081:DELETE:2018-07-04 14:01:40
/home/lxx/rsync/000001024_082:DELETE:2018-07-04 14:01:40
/home/lxx/rsync/000001024_083:DELETE:2018-07-04 14:01:40
/home/lxx/rsync/000001024_084:DELETE:2018-07-04 14:01:40
/home/lxx/rsync/000001024_085:DELETE:2018-07-04 14:01:40
/home/lxx/rsync/000001024_086:DELETE:2018-07-04 14:01:40
/home/lxx/rsync/000001024_087:DELETE:2018-07-04 14:01:40
/home/lxx/rsync/000001024_088:DELETE:2018-07-04 14:01:40
/home/lxx/rsync/000001024_089:DELETE:2018-07-04 14:01:40
/home/lxx/rsync/000001024_090:DELETE:2018-07-04 14:01:40
/home/lxx/rsync/000001024_001:DELETE:2018-07-04 14:37:02
/home/lxx/rsync/000001024_002:DELETE:2018-07-04 14:37:02
/home/lxx/rsync/000001024_003:DELETE:2018-07-04 14:37:02
/home/lxx/rsync/000001024_004:DELETE:2018-07-04 14:37:02
/home/lxx/rsync/000001024_005:DELETE:2018-07-04 14:37:02
/home/lxx/rsync/000001024_006:DELETE:2018-07-04 14:37:02
/home/lxx/rsync/000001024_007:DELETE:2018-07-04 14:37:02
/home/lxx/rsync/000001024_008:DELETE:2018-07-04 14:37:02
/home/lxx/rsync/000001024_009:DELETE:2018-07-04 14:37:02
/home/lxx/rsync/000001024_010:DELETE:2018-07-04 14:37:02
/home/lxx/rsync/000001024_011:DELETE:2018-07-04 14:37:02
/home/lxx/rsync/000001024_012:DELETE:2018-07-04 14:37:02
/home/lxx/rsync/000001024_013:DELETE:2018-07-04 14:37:02
/home/lxx/rsync/000001024_014:DELETE:2018-07-04 14:37:02
/home/lxx/rsync/000001024_015:DELETE:2018-07-04 14:37:02
/home/lxx/rsync/000001024_016:DELETE:2018-07-04 14:37:02
/home/lxx/rsync/000001024_017:DELETE:2018-07-04 14:37:02
/home/lxx/rsync/000001024_018:DELETE:2018-07-04 14:37:02
/home/lxx/rsync/000001024_019:DELETE:2018-07-04 14:37:02
/home/lxx/rsync/000001024_020:DELETE:2018-07-04 14:37:02
/home/lxx/rsync/000001024_021:DELETE:2018-07-04 14:37:02
/home/lxx/rsync/000001024_022:DELETE:2018-07-04 14:37:02
/home/lxx/rsync/000001024_023:DELETE:2018-07-04 14:37:02
/home/lxx/rsync/000001024_024:DELETE:2018-07-04 14:37:02
/home/lxx/rsync/000001024_025:DELETE:2018-07-04 14:37:02
/home/lxx/rsync/000001024_026:DELETE:2018-07-04 14:37:02
/home/lxx/rsync/000001024_027:DELETE:2018-07-04 14:37:02
/home/lxx/rsync/000001024_028:DELETE:2018-07-04 14:37:02
/home/lxx/rsync/000001024_029:DELETE:2018-07-04 14:37:02
/home/lxx/rsync/000001024_030:DELETE:2018-07-04 14:37:02
/home/lxx/rsync/000001024_031:DELETE:2018-07-04 14:37:02
/home/lxx/rsync/000001024_032:DELETE:2018-07-04 14:37:02
/home/lxx/rsync/000001024_033:DELETE:2018-07-04 14:37:02
/home/lxx/rsync/000001024_034:DELETE:2018-07-04 14:37:02
/home/lxx/rsync/000001024_035:DELETE:2018-07-04 14:37:02
/home/lxx/rsync/000001024_036:DELETE:2018-07-04 14:37:02
/home/lxx/rsync/000001024_037:DELETE:2018-07-04 14:37:02
/home/lxx/rsync/000001024_038:DELETE:2018-07-04 14:37:02
/home/lxx/rsync/000001024_039:DELETE:2018-07-04 14:37:02
/home/lxx/rsync/000001024_040:DELETE:2018-07-04 14:37:02
/home/lxx/rsync/000001024_041:DELETE:2018-07-04 14:37:02
/home/lxx/rsync/000001024_042:DELETE:2018-07-04 14:37:02
/home/lxx/rsync/000001024_043:DELETE:2018-07-04 14:37:02
/home/lxx/rsync/000001024_044:DELETE:2018-07-04 14:37:02
/home/lxx/rsync/000001024_045:DELETE:2018-07-04 14:37:02
/home/lxx/rsync/000001024_046:DELETE:2018-07-04 14:37:02
/home/lxx/rsync/000001024_047:DELETE:2018-07-04 14:37:02
/home/lxx/rsync/000001024_048:DELETE:2018-07-04 14:37:02
/home/lxx/rsync/000001024_049:DELETE:2018-07-04 14:37:02
/home/lxx/rsync/000001024_050:DELETE:2018-07-04 14:37:02
/home/lxx/rsync/000001024_051:DELETE:2018-07-04 14:37:02
/home/lxx/rsync/000001024_052:DELETE:2018-07-04 14:37:02
/home/lxx/rsync/000001024_053:DELETE:2018-07-04 14:37:02
/home/lxx/rsync/000001024_054:DELETE:2018-07-04 14:37:02
/home/lxx/rsync/000001024_055:DELETE:2018-07-04 14:37:02
/home/lxx/rsync/000001024_056:DELETE:2018-07-04 14:37:02
/home/lxx/rsync/000001024_057:DELETE:2018-07-04 14:37:02
/home/lxx/rsync/000001024_058:DELETE:2018-07-04 14:37:02
/home/lxx/rsync/000001024_059:DELETE:2018-07-04 14:37:02
/home/lxx/rsync/000001024_060:DELETE:2018-07-04 14:37:02
/home/lxx/rsync/000001024_061:DELETE:2018-07-04 14:37:02
/home/lxx/rsync/000001024_062:DELETE:2018-07-04 14:37:02
/home/lxx/rsync/000001024_063:DELETE:2018-07-04 14:37:02
/home/lxx/rsync/000001024_064:DELETE:2018-07-04 14:37:02
/home/lxx/rsync/000001024_065:DELETE:2018-07-04 14:37:02
/home/lxx/rsync/000001024_066:DELETE:2018-07-04 14:37:02
/home/lxx/rsync/000001024_067:DELETE:2018-07-04 14:37:02
/home/lxx/rsync/000001024_068:DELETE:2018-07-04 14:37:02
/home/lxx/rsync/000001024_069:DELETE:2018-07-04 14:37:02
/home/lxx/rsync/000001024_070:DELETE:2018-07-04 14:37:02
/home/lxx/rsync/000001024_071:DELETE:2018-07-04 14:37:02
/home/lxx/rsync/000001024_072:DELETE:2018-07-04 14:37:02
/home/lxx/rsync/000001024_073:DELETE:2018-07-04 14:37:02
/home/lxx/rsync/000001024_074:DELETE:2018-07-04 14:37:02
/home/lxx/rsync/000001024_075:DELETE:2018-07-04 14:37:02
/home/lxx/rsync/000001024_076:DELETE:2018-07-04 14:37:02
/home/lxx/rsync/000001024_077:DELETE:2018-07-04 14:37:02
/home/lxx/rsync/000001024_078:DELETE:2018-07-04 14:37:02
/home/lxx/rsync/000001024_079:DELETE:2018-07-04 14:37:02
/home/lxx/rsync/000001024_080:DELETE:2018-07-04 14:37:02
/home/lxx/rsync/000001024_081:DELETE:2018-07-04 14:37:02
/home/lxx/rsync/000001024_082:DELETE:2018-07-04 14:37:02
/home/lxx/rsync/000001024_083:DELETE:2018-07-04 14:37:02
/home/lxx/rsync/000001024_084:DELETE:2018-07-04 14:37:02
/home/lxx/rsync/000001024_085:DELETE:2018-07-04 14:37:02
/home/lxx/rsync/000001024_086:DELETE:2018-07-04 14:37:02
/home/lxx/rsync/000001024_087:DELETE:2018-07-04 14:37:02
/home/lxx/rsync/000001024_088:DELETE:2018-07-04 14:37:02
/home/lxx/rsync/000001024_089:DELETE:2018-07-04 14:37:02
/home/lxx/rsync/000001024_090:DELETE:2018-07-04 14:37:02
/home/lxx/rsync/000001024_091:DELETE:2018-07-04 14:37:02
/home/lxx/rsync/000001024_092:DELETE:2018-07-04 14:37:02
/home/lxx/rsync/000001024_093:DELETE:2018-07-04 14:37:02
/home/lxx/rsync/000001024_094:DELETE:2018-07-04 14:37:02
/home/lxx/rsync/000001024_095:DELETE:2018-07-04 14:37:02
/home/lxx/rsync/000001024_096:DELETE:2018-07-04 14:37:02
/home/lxx/rsync/000001024_097:DELETE:2018-07-04 14:37:02
/home/lxx/rsync/000001024_098:DELETE:2018-07-04 14:37:02
/home/lxx/rsync/000001024_099:DELETE:2018-07-04 14:37:02
/home/lxx/rsync/000001024_100:DELETE:2018-07-04 14:37:02
/home/lxx/rsync/000001024_001:DELETE:2018-07-04 14:41:03
/home/lxx/rsync/000001024_002:DELETE:2018-07-04 14:41:03
/home/lxx/rsync/000001024_003:DELETE:2018-07-04 14:41:03
/home/lxx/rsync/000001024_004:DELETE:2018-07-04 14:41:03
/home/lxx/rsync/000001024_005:DELETE:2018-07-04 14:41:03
/home/lxx/rsync/000001024_006:DELETE:2018-07-04 14:41:03
/home/lxx/rsync/000001024_007:DELETE:2018-07-04 14:41:03
/home/lxx/rsync/000001024_008:DELETE:2018-07-04 14:41:03
/home/lxx/rsync/000001024_009:DELETE:2018-07-04 14:41:03
/home/lxx/rsync/000001024_010:DELETE:2018-07-04 14:41:03
/home/lxx/rsync/000001024_001:DELETE:2018-07-04 15:34:52
/home/lxx/rsync/000001024_002:DELETE:2018-07-04 15:34:52
/home/lxx/rsync/000001024_003:DELETE:2018-07-04 15:34:52
/home/lxx/rsync/000001024_004:DELETE:2018-07-04 15:34:52
/home/lxx/rsync/000001024_005:DELETE:2018-07-04 15:34:52
/home/lxx/rsync/000001024_006:DELETE:2018-07-04 15:34:52
/home/lxx/rsync/000001024_007:DELETE:2018-07-04 15:34:52
/home/lxx/rsync/000001024_008:DELETE:2018-07-04 15:34:52
/home/lxx/rsync/000001024_009:DELETE:2018-07-04 15:34:52
/home/lxx/rsync/000001024_010:DELETE:2018-07-04 15:34:52
/home/lxx/rsync/000001024_011:DELETE:2018-07-04 15:34:52
/home/lxx/rsync/000001024_012:DELETE:2018-07-04 15:34:52
/home/lxx/rsync/000001024_013:DELETE:2018-07-04 15:34:52
/home/lxx/rsync/000001024_014:DELETE:2018-07-04 15:34:52
/home/lxx/rsync/000001024_015:DELETE:2018-07-04 15:34:52
/home/lxx/rsync/000001024_016:DELETE:2018-07-04 15:34:52
/home/lxx/rsync/000001024_017:DELETE:2018-07-04 15:34:52
/home/lxx/rsync/000001024_018:DELETE:2018-07-04 15:34:52
/home/lxx/rsync/000001024_019:DELETE:2018-07-04 15:34:52
/home/lxx/rsync/000001024_020:DELETE:2018-07-04 15:34:52
/home/lxx/rsync/000001024_001:DELETE:2018-07-04 15:37:07
/home/lxx/rsync/000001024_001:DELETE:2018-07-04 15:37:38
/home/lxx/rsync/000001024_002:DELETE:2018-07-04 15:37:38
/home/lxx/rsync/000001024_001:DELETE:2018-07-04 15:38:02
/home/lxx/rsync/000001024_002:DELETE:2018-07-04 15:38:02
/home/lxx/rsync/000001024_003:DELETE:2018-07-04 15:38:02
/home/lxx/rsync/000001024_001:DELETE:2018-07-04 15:38:39
/home/lxx/rsync/000001024_002:DELETE:2018-07-04 15:38:39
/home/lxx/rsync/000001024_003:DELETE:2018-07-04 15:38:39
/home/lxx/rsync/000001024_004:DELETE:2018-07-04 15:38:39
/home/lxx/rsync/000001024_001:DELETE:2018-07-04 15:39:13
/home/lxx/rsync/000001024_002:DELETE:2018-07-04 15:39:13
/home/lxx/rsync/000001024_003:DELETE:2018-07-04 15:39:13
/home/lxx/rsync/000001024_004:DELETE:2018-07-04 15:39:13
/home/lxx/rsync/000001024_005:DELETE:2018-07-04 15:39:13
/home/lxx/rsync/000001024_001:DELETE:2018-07-04 15:39:40
/home/lxx/rsync/000001024_002:DELETE:2018-07-04 15:39:40
/home/lxx/rsync/000001024_003:DELETE:2018-07-04 15:39:40
/home/lxx/rsync/000001024_004:DELETE:2018-07-04 15:39:40
/home/lxx/rsync/000001024_005:DELETE:2018-07-04 15:39:40
/home/lxx/rsync/000001024_006:DELETE:2018-07-04 15:39:40
/home/lxx/rsync/000001024_001:DELETE:2018-07-04 15:40:06
/home/lxx/rsync/000001024_002:DELETE:2018-07-04 15:40:06
/home/lxx/rsync/000001024_003:DELETE:2018-07-04 15:40:06
/home/lxx/rsync/000001024_004:DELETE:2018-07-04 15:40:06
/home/lxx/rsync/000001024_005:DELETE:2018-07-04 15:40:06
/home/lxx/rsync/000001024_006:DELETE:2018-07-04 15:40:06
/home/lxx/rsync/000001024_007:DELETE:2018-07-04 15:40:06
/home/lxx/rsync/000001024_001:DELETE:2018-07-04 15:40:30
/home/lxx/rsync/000001024_002:DELETE:2018-07-04 15:40:30
/home/lxx/rsync/000001024_003:DELETE:2018-07-04 15:40:30
/home/lxx/rsync/000001024_004:DELETE:2018-07-04 15:40:30
/home/lxx/rsync/000001024_005:DELETE:2018-07-04 15:40:30
/home/lxx/rsync/000001024_006:DELETE:2018-07-04 15:40:30
/home/lxx/rsync/000001024_007:DELETE:2018-07-04 15:40:30
/home/lxx/rsync/000001024_008:DELETE:2018-07-04 15:40:30
/home/lxx/rsync/000001024_001:DELETE:2018-07-04 15:40:50
/home/lxx/rsync/000001024_002:DELETE:2018-07-04 15:40:50
/home/lxx/rsync/000001024_003:DELETE:2018-07-04 15:40:50
/home/lxx/rsync/000001024_004:DELETE:2018-07-04 15:40:50
/home/lxx/rsync/000001024_005:DELETE:2018-07-04 15:40:50
/home/lxx/rsync/000001024_006:DELETE:2018-07-04 15:40:50
/home/lxx/rsync/000001024_007:DELETE:2018-07-04 15:40:50
/home/lxx/rsync/000001024_008:DELETE:2018-07-04 15:40:50
/home/lxx/rsync/000001024_009:DELETE:2018-07-04 15:40:50
/home/lxx/rsync/000001024_001:DELETE:2018-07-04 16:01:33
/home/lxx/rsync/000001024_002:DELETE:2018-07-04 16:01:33
/home/lxx/rsync/000001024_003:DELETE:2018-07-04 16:01:33
/home/lxx/rsync/000001024_004:DELETE:2018-07-04 16:01:33
/home/lxx/rsync/000001024_005:DELETE:2018-07-04 16:01:33
/home/lxx/rsync/000001024_006:DELETE:2018-07-04 16:01:33
/home/lxx/rsync/000001024_007:DELETE:2018-07-04 16:01:33
/home/lxx/rsync/000001024_008:DELETE:2018-07-04 16:01:33
/home/lxx/rsync/000001024_009:DELETE:2018-07-04 16:01:33
/home/lxx/rsync/000001024_010:DELETE:2018-07-04 16:01:33
/home/lxx/rsync/000001024_001:DELETE:2018-07-04 16:05:36
/home/lxx/rsync/000001024_001:DELETE:2018-07-04 16:05:59
/home/lxx/rsync/000001024_001:DELETE:2018-07-04 16:06:28
/home/lxx/rsync/000001024_002:DELETE:2018-07-04 16:06:28
/home/lxx/rsync/000001024_001:DELETE:2018-07-04 16:06:47
/home/lxx/rsync/000001024_002:DELETE:2018-07-04 16:06:47
/home/lxx/rsync/000001024_003:DELETE:2018-07-04 16:06:47
/home/lxx/rsync/000001024_001:DELETE:2018-07-04 16:07:28
/home/lxx/rsync/000001024_002:DELETE:2018-07-04 16:07:28
/home/lxx/rsync/000001024_003:DELETE:2018-07-04 16:07:28
/home/lxx/rsync/000001024_004:DELETE:2018-07-04 16:07:28
/home/lxx/rsync/000001024_001:DELETE:2018-07-04 16:12:01
/home/lxx/rsync/000001024_002:DELETE:2018-07-04 16:12:01
/home/lxx/rsync/000001024_003:DELETE:2018-07-04 16:12:01
/home/lxx/rsync/000001024_004:DELETE:2018-07-04 16:12:01
/home/lxx/rsync/000001024_005:DELETE:2018-07-04 16:12:01
/home/lxx/rsync/000001024_001:DELETE:2018-07-04 16:12:24
/home/lxx/rsync/000001024_002:DELETE:2018-07-04 16:12:24
/home/lxx/rsync/000001024_003:DELETE:2018-07-04 16:12:24
/home/lxx/rsync/000001024_004:DELETE:2018-07-04 16:12:24
/home/lxx/rsync/000001024_005:DELETE:2018-07-04 16:12:24
/home/lxx/rsync/000001024_001:DELETE:2018-07-04 16:12:42
/home/lxx/rsync/000001024_002:DELETE:2018-07-04 16:12:42
/home/lxx/rsync/000001024_003:DELETE:2018-07-04 16:12:42
/home/lxx/rsync/000001024_004:DELETE:2018-07-04 16:12:42
/home/lxx/rsync/000001024_005:DELETE:2018-07-04 16:12:42
/home/lxx/rsync/000001024_006:DELETE:2018-07-04 16:12:42
/home/lxx/rsync/000001024_001:DELETE:2018-07-04 16:12:59
/home/lxx/rsync/000001024_002:DELETE:2018-07-04 16:12:59
/home/lxx/rsync/000001024_003:DELETE:2018-07-04 16:12:59
/home/lxx/rsync/000001024_004:DELETE:2018-07-04 16:12:59
/home/lxx/rsync/000001024_005:DELETE:2018-07-04 16:12:59
/home/lxx/rsync/000001024_006:DELETE:2018-07-04 16:12:59
/home/lxx/rsync/000001024_007:DELETE:2018-07-04 16:12:59
/home/lxx/rsync/000001024_001:DELETE:2018-07-04 16:13:31
/home/lxx/rsync/000001024_002:DELETE:2018-07-04 16:13:31
/home/lxx/rsync/000001024_003:DELETE:2018-07-04 16:13:31
/home/lxx/rsync/000001024_004:DELETE:2018-07-04 16:13:31
/home/lxx/rsync/000001024_005:DELETE:2018-07-04 16:13:31
/home/lxx/rsync/000001024_006:DELETE:2018-07-04 16:13:31
/home/lxx/rsync/000001024_007:DELETE:2018-07-04 16:13:31
/home/lxx/rsync/000001024_008:DELETE:2018-07-04 16:13:31
/home/lxx/rsync/000001024_001:DELETE:2018-07-04 16:13:50
/home/lxx/rsync/000001024_002:DELETE:2018-07-04 16:13:50
/home/lxx/rsync/000001024_003:DELETE:2018-07-04 16:13:50
/home/lxx/rsync/000001024_004:DELETE:2018-07-04 16:13:50
/home/lxx/rsync/000001024_005:DELETE:2018-07-04 16:13:50
/home/lxx/rsync/000001024_006:DELETE:2018-07-04 16:13:50
/home/lxx/rsync/000001024_007:DELETE:2018-07-04 16:13:50
/home/lxx/rsync/000001024_008:DELETE:2018-07-04 16:13:50
/home/lxx/rsync/000001024_009:DELETE:2018-07-04 16:13:50
/home/lxx/rsync/000001024_001:DELETE:2018-07-04 16:14:15
/home/lxx/rsync/000001024_002:DELETE:2018-07-04 16:14:15
/home/lxx/rsync/000001024_003:DELETE:2018-07-04 16:14:15
/home/lxx/rsync/000001024_004:DELETE:2018-07-04 16:14:15
/home/lxx/rsync/000001024_005:DELETE:2018-07-04 16:14:15
/home/lxx/rsync/000001024_006:DELETE:2018-07-04 16:14:15
/home/lxx/rsync/000001024_007:DELETE:2018-07-04 16:14:15
/home/lxx/rsync/000001024_008:DELETE:2018-07-04 16:14:15
/home/lxx/rsync/000001024_009:DELETE:2018-07-04 16:14:15
/home/lxx/rsync/000001024_010:DELETE:2018-07-04 16:14:15
/home/lxx/rsync/000001024_001:DELETE:2018-07-04 16:14:36
/home/lxx/rsync/000001024_002:DELETE:2018-07-04 16:14:36
/home/lxx/rsync/000001024_003:DELETE:2018-07-04 16:14:36
/home/lxx/rsync/000001024_004:DELETE:2018-07-04 16:14:36
/home/lxx/rsync/000001024_005:DELETE:2018-07-04 16:14:36
/home/lxx/rsync/000001024_006:DELETE:2018-07-04 16:14:36
/home/lxx/rsync/000001024_007:DELETE:2018-07-04 16:14:36
/home/lxx/rsync/000001024_008:DELETE:2018-07-04 16:14:36
/home/lxx/rsync/000001024_009:DELETE:2018-07-04 16:14:36
/home/lxx/rsync/000001024_010:DELETE:2018-07-04 16:14:36
/home/lxx/rsync/000001024_011:DELETE:2018-07-04 16:14:36
/home/lxx/rsync/000001024_012:DELETE:2018-07-04 16:14:36
/home/lxx/rsync/000001024_013:DELETE:2018-07-04 16:14:36
/home/lxx/rsync/000001024_014:DELETE:2018-07-04 16:14:36
/home/lxx/rsync/000001024_015:DELETE:2018-07-04 16:14:36
/home/lxx/rsync/000001024_016:DELETE:2018-07-04 16:14:36
/home/lxx/rsync/000001024_017:DELETE:2018-07-04 16:14:36
/home/lxx/rsync/000001024_018:DELETE:2018-07-04 16:14:36
/home/lxx/rsync/000001024_019:DELETE:2018-07-04 16:14:36
/home/lxx/rsync/000001024_020:DELETE:2018-07-04 16:14:36
/home/lxx/rsync/000001024_001:DELETE:2018-07-04 16:15:02
/home/lxx/rsync/000001024_002:DELETE:2018-07-04 16:15:02
/home/lxx/rsync/000001024_003:DELETE:2018-07-04 16:15:02
/home/lxx/rsync/000001024_004:DELETE:2018-07-04 16:15:02
/home/lxx/rsync/000001024_005:DELETE:2018-07-04 16:15:02
/home/lxx/rsync/000001024_006:DELETE:2018-07-04 16:15:02
/home/lxx/rsync/000001024_007:DELETE:2018-07-04 16:15:02
/home/lxx/rsync/000001024_008:DELETE:2018-07-04 16:15:02
/home/lxx/rsync/000001024_009:DELETE:2018-07-04 16:15:02
/home/lxx/rsync/000001024_010:DELETE:2018-07-04 16:15:02
/home/lxx/rsync/000001024_011:DELETE:2018-07-04 16:15:02
/home/lxx/rsync/000001024_012:DELETE:2018-07-04 16:15:02
/home/lxx/rsync/000001024_013:DELETE:2018-07-04 16:15:02
/home/lxx/rsync/000001024_014:DELETE:2018-07-04 16:15:02
/home/lxx/rsync/000001024_015:DELETE:2018-07-04 16:15:02
/home/lxx/rsync/000001024_016:DELETE:2018-07-04 16:15:02
/home/lxx/rsync/000001024_017:DELETE:2018-07-04 16:15:02
/home/lxx/rsync/000001024_018:DELETE:2018-07-04 16:15:02
/home/lxx/rsync/000001024_019:DELETE:2018-07-04 16:15:02
/home/lxx/rsync/000001024_020:DELETE:2018-07-04 16:15:02
/home/lxx/rsync/000001024_021:DELETE:2018-07-04 16:15:02
/home/lxx/rsync/000001024_022:DELETE:2018-07-04 16:15:02
/home/lxx/rsync/000001024_023:DELETE:2018-07-04 16:15:02
/home/lxx/rsync/000001024_024:DELETE:2018-07-04 16:15:02
/home/lxx/rsync/000001024_025:DELETE:2018-07-04 16:15:02
/home/lxx/rsync/000001024_026:DELETE:2018-07-04 16:15:02
/home/lxx/rsync/000001024_027:DELETE:2018-07-04 16:15:02
/home/lxx/rsync/000001024_028:DELETE:2018-07-04 16:15:02
/home/lxx/rsync/000001024_029:DELETE:2018-07-04 16:15:02
/home/lxx/rsync/000001024_030:DELETE:2018-07-04 16:15:02
/home/lxx/rsync/000001024_001:DELETE:2018-07-04 16:15:26
/home/lxx/rsync/000001024_002:DELETE:2018-07-04 16:15:26
/home/lxx/rsync/000001024_003:DELETE:2018-07-04 16:15:26
/home/lxx/rsync/000001024_004:DELETE:2018-07-04 16:15:26
/home/lxx/rsync/000001024_005:DELETE:2018-07-04 16:15:26
/home/lxx/rsync/000001024_006:DELETE:2018-07-04 16:15:26
/home/lxx/rsync/000001024_007:DELETE:2018-07-04 16:15:26
/home/lxx/rsync/000001024_008:DELETE:2018-07-04 16:15:26
/home/lxx/rsync/000001024_009:DELETE:2018-07-04 16:15:26
/home/lxx/rsync/000001024_010:DELETE:2018-07-04 16:15:26
/home/lxx/rsync/000001024_011:DELETE:2018-07-04 16:15:26
/home/lxx/rsync/000001024_012:DELETE:2018-07-04 16:15:26
/home/lxx/rsync/000001024_013:DELETE:2018-07-04 16:15:26
/home/lxx/rsync/000001024_014:DELETE:2018-07-04 16:15:26
/home/lxx/rsync/000001024_015:DELETE:2018-07-04 16:15:26
/home/lxx/rsync/000001024_016:DELETE:2018-07-04 16:15:26
/home/lxx/rsync/000001024_017:DELETE:2018-07-04 16:15:26
/home/lxx/rsync/000001024_018:DELETE:2018-07-04 16:15:26
/home/lxx/rsync/000001024_019:DELETE:2018-07-04 16:15:26
/home/lxx/rsync/000001024_020:DELETE:2018-07-04 16:15:26
/home/lxx/rsync/000001024_021:DELETE:2018-07-04 16:15:26
/home/lxx/rsync/000001024_022:DELETE:2018-07-04 16:15:26
/home/lxx/rsync/000001024_023:DELETE:2018-07-04 16:15:26
/home/lxx/rsync/000001024_024:DELETE:2018-07-04 16:15:26
/home/lxx/rsync/000001024_025:DELETE:2018-07-04 16:15:26
/home/lxx/rsync/000001024_026:DELETE:2018-07-04 16:15:26
/home/lxx/rsync/000001024_027:DELETE:2018-07-04 16:15:26
/home/lxx/rsync/000001024_028:DELETE:2018-07-04 16:15:26
/home/lxx/rsync/000001024_029:DELETE:2018-07-04 16:15:26
/home/lxx/rsync/000001024_030:DELETE:2018-07-04 16:15:26
/home/lxx/rsync/000001024_031:DELETE:2018-07-04 16:15:26
/home/lxx/rsync/000001024_032:DELETE:2018-07-04 16:15:26
/home/lxx/rsync/000001024_033:DELETE:2018-07-04 16:15:26
/home/lxx/rsync/000001024_034:DELETE:2018-07-04 16:15:26
/home/lxx/rsync/000001024_035:DELETE:2018-07-04 16:15:26
/home/lxx/rsync/000001024_036:DELETE:2018-07-04 16:15:26
/home/lxx/rsync/000001024_037:DELETE:2018-07-04 16:15:26
/home/lxx/rsync/000001024_038:DELETE:2018-07-04 16:15:26
/home/lxx/rsync/000001024_039:DELETE:2018-07-04 16:15:26
/home/lxx/rsync/000001024_040:DELETE:2018-07-04 16:15:26
/home/lxx/rsync/000001024_001:DELETE:2018-07-04 16:16:09
/home/lxx/rsync/000001024_002:DELETE:2018-07-04 16:16:09
/home/lxx/rsync/000001024_003:DELETE:2018-07-04 16:16:09
/home/lxx/rsync/000001024_004:DELETE:2018-07-04 16:16:09
/home/lxx/rsync/000001024_005:DELETE:2018-07-04 16:16:09
/home/lxx/rsync/000001024_006:DELETE:2018-07-04 16:16:09
/home/lxx/rsync/000001024_007:DELETE:2018-07-04 16:16:09
/home/lxx/rsync/000001024_008:DELETE:2018-07-04 16:16:09
/home/lxx/rsync/000001024_009:DELETE:2018-07-04 16:16:09
/home/lxx/rsync/000001024_010:DELETE:2018-07-04 16:16:09
/home/lxx/rsync/000001024_011:DELETE:2018-07-04 16:16:09
/home/lxx/rsync/000001024_012:DELETE:2018-07-04 16:16:09
/home/lxx/rsync/000001024_013:DELETE:2018-07-04 16:16:09
/home/lxx/rsync/000001024_014:DELETE:2018-07-04 16:16:09
/home/lxx/rsync/000001024_015:DELETE:2018-07-04 16:16:09
/home/lxx/rsync/000001024_016:DELETE:2018-07-04 16:16:09
/home/lxx/rsync/000001024_017:DELETE:2018-07-04 16:16:09
/home/lxx/rsync/000001024_018:DELETE:2018-07-04 16:16:09
/home/lxx/rsync/000001024_019:DELETE:2018-07-04 16:16:09
/home/lxx/rsync/000001024_020:DELETE:2018-07-04 16:16:09
/home/lxx/rsync/000001024_021:DELETE:2018-07-04 16:16:09
/home/lxx/rsync/000001024_022:DELETE:2018-07-04 16:16:09
/home/lxx/rsync/000001024_023:DELETE:2018-07-04 16:16:09
/home/lxx/rsync/000001024_024:DELETE:2018-07-04 16:16:09
/home/lxx/rsync/000001024_025:DELETE:2018-07-04 16:16:09
/home/lxx/rsync/000001024_026:DELETE:2018-07-04 16:16:09
/home/lxx/rsync/000001024_027:DELETE:2018-07-04 16:16:09
/home/lxx/rsync/000001024_028:DELETE:2018-07-04 16:16:09
/home/lxx/rsync/000001024_029:DELETE:2018-07-04 16:16:09
/home/lxx/rsync/000001024_030:DELETE:2018-07-04 16:16:09
/home/lxx/rsync/000001024_031:DELETE:2018-07-04 16:16:09
/home/lxx/rsync/000001024_032:DELETE:2018-07-04 16:16:09
/home/lxx/rsync/000001024_033:DELETE:2018-07-04 16:16:09
/home/lxx/rsync/000001024_034:DELETE:2018-07-04 16:16:09
/home/lxx/rsync/000001024_035:DELETE:2018-07-04 16:16:09
/home/lxx/rsync/000001024_036:DELETE:2018-07-04 16:16:09
/home/lxx/rsync/000001024_037:DELETE:2018-07-04 16:16:09
/home/lxx/rsync/000001024_038:DELETE:2018-07-04 16:16:09
/home/lxx/rsync/000001024_039:DELETE:2018-07-04 16:16:09
/home/lxx/rsync/000001024_040:DELETE:2018-07-04 16:16:09
/home/lxx/rsync/000001024_041:DELETE:2018-07-04 16:16:09
/home/lxx/rsync/000001024_042:DELETE:2018-07-04 16:16:09
/home/lxx/rsync/000001024_043:DELETE:2018-07-04 16:16:09
/home/lxx/rsync/000001024_044:DELETE:2018-07-04 16:16:09
/home/lxx/rsync/000001024_045:DELETE:2018-07-04 16:16:09
/home/lxx/rsync/000001024_046:DELETE:2018-07-04 16:16:09
/home/lxx/rsync/000001024_047:DELETE:2018-07-04 16:16:09
/home/lxx/rsync/000001024_048:DELETE:2018-07-04 16:16:09
/home/lxx/rsync/000001024_049:DELETE:2018-07-04 16:16:09
/home/lxx/rsync/000001024_050:DELETE:2018-07-04 16:16:09
/home/lxx/rsync/000001024_001:DELETE:2018-07-04 16:16:32
/home/lxx/rsync/000001024_002:DELETE:2018-07-04 16:16:32
/home/lxx/rsync/000001024_003:DELETE:2018-07-04 16:16:32
/home/lxx/rsync/000001024_004:DELETE:2018-07-04 16:16:32
/home/lxx/rsync/000001024_005:DELETE:2018-07-04 16:16:32
/home/lxx/rsync/000001024_006:DELETE:2018-07-04 16:16:32
/home/lxx/rsync/000001024_007:DELETE:2018-07-04 16:16:32
/home/lxx/rsync/000001024_008:DELETE:2018-07-04 16:16:32
/home/lxx/rsync/000001024_009:DELETE:2018-07-04 16:16:32
/home/lxx/rsync/000001024_010:DELETE:2018-07-04 16:16:32
/home/lxx/rsync/000001024_011:DELETE:2018-07-04 16:16:32
/home/lxx/rsync/000001024_012:DELETE:2018-07-04 16:16:32
/home/lxx/rsync/000001024_013:DELETE:2018-07-04 16:16:32
/home/lxx/rsync/000001024_014:DELETE:2018-07-04 16:16:32
/home/lxx/rsync/000001024_015:DELETE:2018-07-04 16:16:32
/home/lxx/rsync/000001024_016:DELETE:2018-07-04 16:16:32
/home/lxx/rsync/000001024_017:DELETE:2018-07-04 16:16:32
/home/lxx/rsync/000001024_018:DELETE:2018-07-04 16:16:32
/home/lxx/rsync/000001024_019:DELETE:2018-07-04 16:16:32
/home/lxx/rsync/000001024_020:DELETE:2018-07-04 16:16:32
/home/lxx/rsync/000001024_021:DELETE:2018-07-04 16:16:32
/home/lxx/rsync/000001024_022:DELETE:2018-07-04 16:16:32
/home/lxx/rsync/000001024_023:DELETE:2018-07-04 16:16:32
/home/lxx/rsync/000001024_024:DELETE:2018-07-04 16:16:32
/home/lxx/rsync/000001024_025:DELETE:2018-07-04 16:16:32
/home/lxx/rsync/000001024_026:DELETE:2018-07-04 16:16:32
/home/lxx/rsync/000001024_027:DELETE:2018-07-04 16:16:32
/home/lxx/rsync/000001024_028:DELETE:2018-07-04 16:16:32
/home/lxx/rsync/000001024_029:DELETE:2018-07-04 16:16:32
/home/lxx/rsync/000001024_030:DELETE:2018-07-04 16:16:32
/home/lxx/rsync/000001024_031:DELETE:2018-07-04 16:16:32
/home/lxx/rsync/000001024_032:DELETE:2018-07-04 16:16:32
/home/lxx/rsync/000001024_033:DELETE:2018-07-04 16:16:32
/home/lxx/rsync/000001024_034:DELETE:2018-07-04 16:16:32
/home/lxx/rsync/000001024_035:DELETE:2018-07-04 16:16:32
/home/lxx/rsync/000001024_036:DELETE:2018-07-04 16:16:32
/home/lxx/rsync/000001024_037:DELETE:2018-07-04 16:16:32
/home/lxx/rsync/000001024_038:DELETE:2018-07-04 16:16:32
/home/lxx/rsync/000001024_039:DELETE:2018-07-04 16:16:32
/home/lxx/rsync/000001024_040:DELETE:2018-07-04 16:16:32
/home/lxx/rsync/000001024_041:DELETE:2018-07-04 16:16:32
/home/lxx/rsync/000001024_042:DELETE:2018-07-04 16:16:32
/home/lxx/rsync/000001024_043:DELETE:2018-07-04 16:16:32
/home/lxx/rsync/000001024_044:DELETE:2018-07-04 16:16:32
/home/lxx/rsync/000001024_045:DELETE:2018-07-04 16:16:32
/home/lxx/rsync/000001024_046:DELETE:2018-07-04 16:16:32
/home/lxx/rsync/000001024_047:DELETE:2018-07-04 16:16:32
/home/lxx/rsync/000001024_048:DELETE:2018-07-04 16:16:32
/home/lxx/rsync/000001024_049:DELETE:2018-07-04 16:16:32
/home/lxx/rsync/000001024_050:DELETE:2018-07-04 16:16:32
/home/lxx/rsync/000001024_051:DELETE:2018-07-04 16:16:32
/home/lxx/rsync/000001024_052:DELETE:2018-07-04 16:16:32
/home/lxx/rsync/000001024_053:DELETE:2018-07-04 16:16:32
/home/lxx/rsync/000001024_054:DELETE:2018-07-04 16:16:32
/home/lxx/rsync/000001024_055:DELETE:2018-07-04 16:16:32
/home/lxx/rsync/000001024_056:DELETE:2018-07-04 16:16:32
/home/lxx/rsync/000001024_057:DELETE:2018-07-04 16:16:32
/home/lxx/rsync/000001024_058:DELETE:2018-07-04 16:16:32
/home/lxx/rsync/000001024_059:DELETE:2018-07-04 16:16:32
/home/lxx/rsync/000001024_060:DELETE:2018-07-04 16:16:32
/home/lxx/rsync/000001024_001:DELETE:2018-07-04 16:16:54
/home/lxx/rsync/000001024_002:DELETE:2018-07-04 16:16:54
/home/lxx/rsync/000001024_003:DELETE:2018-07-04 16:16:54
/home/lxx/rsync/000001024_004:DELETE:2018-07-04 16:16:54
/home/lxx/rsync/000001024_005:DELETE:2018-07-04 16:16:54
/home/lxx/rsync/000001024_006:DELETE:2018-07-04 16:16:54
/home/lxx/rsync/000001024_007:DELETE:2018-07-04 16:16:54
/home/lxx/rsync/000001024_008:DELETE:2018-07-04 16:16:54
/home/lxx/rsync/000001024_009:DELETE:2018-07-04 16:16:54
/home/lxx/rsync/000001024_010:DELETE:2018-07-04 16:16:54
/home/lxx/rsync/000001024_011:DELETE:2018-07-04 16:16:54
/home/lxx/rsync/000001024_012:DELETE:2018-07-04 16:16:54
/home/lxx/rsync/000001024_013:DELETE:2018-07-04 16:16:54
/home/lxx/rsync/000001024_014:DELETE:2018-07-04 16:16:54
/home/lxx/rsync/000001024_015:DELETE:2018-07-04 16:16:54
/home/lxx/rsync/000001024_016:DELETE:2018-07-04 16:16:54
/home/lxx/rsync/000001024_017:DELETE:2018-07-04 16:16:54
/home/lxx/rsync/000001024_018:DELETE:2018-07-04 16:16:54
/home/lxx/rsync/000001024_019:DELETE:2018-07-04 16:16:54
/home/lxx/rsync/000001024_020:DELETE:2018-07-04 16:16:54
/home/lxx/rsync/000001024_021:DELETE:2018-07-04 16:16:54
/home/lxx/rsync/000001024_022:DELETE:2018-07-04 16:16:54
/home/lxx/rsync/000001024_023:DELETE:2018-07-04 16:16:54
/home/lxx/rsync/000001024_024:DELETE:2018-07-04 16:16:54
/home/lxx/rsync/000001024_025:DELETE:2018-07-04 16:16:54
/home/lxx/rsync/000001024_026:DELETE:2018-07-04 16:16:54
/home/lxx/rsync/000001024_027:DELETE:2018-07-04 16:16:54
/home/lxx/rsync/000001024_028:DELETE:2018-07-04 16:16:54
/home/lxx/rsync/000001024_029:DELETE:2018-07-04 16:16:54
/home/lxx/rsync/000001024_030:DELETE:2018-07-04 16:16:54
/home/lxx/rsync/000001024_031:DELETE:2018-07-04 16:16:54
/home/lxx/rsync/000001024_032:DELETE:2018-07-04 16:16:54
/home/lxx/rsync/000001024_033:DELETE:2018-07-04 16:16:54
/home/lxx/rsync/000001024_034:DELETE:2018-07-04 16:16:54
/home/lxx/rsync/000001024_035:DELETE:2018-07-04 16:16:54
/home/lxx/rsync/000001024_036:DELETE:2018-07-04 16:16:54
/home/lxx/rsync/000001024_037:DELETE:2018-07-04 16:16:54
/home/lxx/rsync/000001024_038:DELETE:2018-07-04 16:16:54
/home/lxx/rsync/000001024_039:DELETE:2018-07-04 16:16:54
/home/lxx/rsync/000001024_040:DELETE:2018-07-04 16:16:54
/home/lxx/rsync/000001024_041:DELETE:2018-07-04 16:16:54
/home/lxx/rsync/000001024_042:DELETE:2018-07-04 16:16:54
/home/lxx/rsync/000001024_043:DELETE:2018-07-04 16:16:54
/home/lxx/rsync/000001024_044:DELETE:2018-07-04 16:16:54
/home/lxx/rsync/000001024_045:DELETE:2018-07-04 16:16:54
/home/lxx/rsync/000001024_046:DELETE:2018-07-04 16:16:54
/home/lxx/rsync/000001024_047:DELETE:2018-07-04 16:16:54
/home/lxx/rsync/000001024_048:DELETE:2018-07-04 16:16:54
/home/lxx/rsync/000001024_049:DELETE:2018-07-04 16:16:54
/home/lxx/rsync/000001024_050:DELETE:2018-07-04 16:16:54
/home/lxx/rsync/000001024_051:DELETE:2018-07-04 16:16:54
/home/lxx/rsync/000001024_052:DELETE:2018-07-04 16:16:54
/home/lxx/rsync/000001024_053:DELETE:2018-07-04 16:16:54
/home/lxx/rsync/000001024_054:DELETE:2018-07-04 16:16:54
/home/lxx/rsync/000001024_055:DELETE:2018-07-04 16:16:54
/home/lxx/rsync/000001024_056:DELETE:2018-07-04 16:16:54
/home/lxx/rsync/000001024_057:DELETE:2018-07-04 16:16:54
/home/lxx/rsync/000001024_058:DELETE:2018-07-04 16:16:54
/home/lxx/rsync/000001024_059:DELETE:2018-07-04 16:16:54
/home/lxx/rsync/000001024_060:DELETE:2018-07-04 16:16:54
/home/lxx/rsync/000001024_061:DELETE:2018-07-04 16:16:54
/home/lxx/rsync/000001024_062:DELETE:2018-07-04 16:16:54
/home/lxx/rsync/000001024_063:DELETE:2018-07-04 16:16:54
/home/lxx/rsync/000001024_064:DELETE:2018-07-04 16:16:54
/home/lxx/rsync/000001024_065:DELETE:2018-07-04 16:16:54
/home/lxx/rsync/000001024_066:DELETE:2018-07-04 16:16:54
/home/lxx/rsync/000001024_067:DELETE:2018-07-04 16:16:54
/home/lxx/rsync/000001024_068:DELETE:2018-07-04 16:16:54
/home/lxx/rsync/000001024_069:DELETE:2018-07-04 16:16:54
/home/lxx/rsync/000001024_070:DELETE:2018-07-04 16:16:54
/home/lxx/rsync/000001024_001:DELETE:2018-07-04 16:17:11
/home/lxx/rsync/000001024_002:DELETE:2018-07-04 16:17:11
/home/lxx/rsync/000001024_003:DELETE:2018-07-04 16:17:11
/home/lxx/rsync/000001024_004:DELETE:2018-07-04 16:17:11
/home/lxx/rsync/000001024_005:DELETE:2018-07-04 16:17:11
/home/lxx/rsync/000001024_006:DELETE:2018-07-04 16:17:11
/home/lxx/rsync/000001024_007:DELETE:2018-07-04 16:17:11
/home/lxx/rsync/000001024_008:DELETE:2018-07-04 16:17:11
/home/lxx/rsync/000001024_009:DELETE:2018-07-04 16:17:11
/home/lxx/rsync/000001024_010:DELETE:2018-07-04 16:17:11
/home/lxx/rsync/000001024_011:DELETE:2018-07-04 16:17:11
/home/lxx/rsync/000001024_012:DELETE:2018-07-04 16:17:11
/home/lxx/rsync/000001024_013:DELETE:2018-07-04 16:17:11
/home/lxx/rsync/000001024_014:DELETE:2018-07-04 16:17:11
/home/lxx/rsync/000001024_015:DELETE:2018-07-04 16:17:11
/home/lxx/rsync/000001024_016:DELETE:2018-07-04 16:17:11
/home/lxx/rsync/000001024_017:DELETE:2018-07-04 16:17:11
/home/lxx/rsync/000001024_018:DELETE:2018-07-04 16:17:11
/home/lxx/rsync/000001024_019:DELETE:2018-07-04 16:17:11
/home/lxx/rsync/000001024_020:DELETE:2018-07-04 16:17:11
/home/lxx/rsync/000001024_021:DELETE:2018-07-04 16:17:11
/home/lxx/rsync/000001024_022:DELETE:2018-07-04 16:17:11
/home/lxx/rsync/000001024_023:DELETE:2018-07-04 16:17:11
/home/lxx/rsync/000001024_024:DELETE:2018-07-04 16:17:11
/home/lxx/rsync/000001024_025:DELETE:2018-07-04 16:17:11
/home/lxx/rsync/000001024_026:DELETE:2018-07-04 16:17:11
/home/lxx/rsync/000001024_027:DELETE:2018-07-04 16:17:11
/home/lxx/rsync/000001024_028:DELETE:2018-07-04 16:17:11
/home/lxx/rsync/000001024_029:DELETE:2018-07-04 16:17:11
/home/lxx/rsync/000001024_030:DELETE:2018-07-04 16:17:11
/home/lxx/rsync/000001024_031:DELETE:2018-07-04 16:17:11
/home/lxx/rsync/000001024_032:DELETE:2018-07-04 16:17:11
/home/lxx/rsync/000001024_033:DELETE:2018-07-04 16:17:11
/home/lxx/rsync/000001024_034:DELETE:2018-07-04 16:17:11
/home/lxx/rsync/000001024_035:DELETE:2018-07-04 16:17:11
/home/lxx/rsync/000001024_036:DELETE:2018-07-04 16:17:11
/home/lxx/rsync/000001024_037:DELETE:2018-07-04 16:17:11
/home/lxx/rsync/000001024_038:DELETE:2018-07-04 16:17:11
/home/lxx/rsync/000001024_039:DELETE:2018-07-04 16:17:11
/home/lxx/rsync/000001024_040:DELETE:2018-07-04 16:17:11
/home/lxx/rsync/000001024_041:DELETE:2018-07-04 16:17:11
/home/lxx/rsync/000001024_042:DELETE:2018-07-04 16:17:11
/home/lxx/rsync/000001024_043:DELETE:2018-07-04 16:17:11
/home/lxx/rsync/000001024_044:DELETE:2018-07-04 16:17:11
/home/lxx/rsync/000001024_045:DELETE:2018-07-04 16:17:11
/home/lxx/rsync/000001024_046:DELETE:2018-07-04 16:17:11
/home/lxx/rsync/000001024_047:DELETE:2018-07-04 16:17:11
/home/lxx/rsync/000001024_048:DELETE:2018-07-04 16:17:11
/home/lxx/rsync/000001024_049:DELETE:2018-07-04 16:17:11
/home/lxx/rsync/000001024_050:DELETE:2018-07-04 16:17:11
/home/lxx/rsync/000001024_051:DELETE:2018-07-04 16:17:11
/home/lxx/rsync/000001024_052:DELETE:2018-07-04 16:17:11
/home/lxx/rsync/000001024_053:DELETE:2018-07-04 16:17:11
/home/lxx/rsync/000001024_054:DELETE:2018-07-04 16:17:11
/home/lxx/rsync/000001024_055:DELETE:2018-07-04 16:17:11
/home/lxx/rsync/000001024_056:DELETE:2018-07-04 16:17:11
/home/lxx/rsync/000001024_057:DELETE:2018-07-04 16:17:11
/home/lxx/rsync/000001024_058:DELETE:2018-07-04 16:17:11
/home/lxx/rsync/000001024_059:DELETE:2018-07-04 16:17:11
/home/lxx/rsync/000001024_060:DELETE:2018-07-04 16:17:11
/home/lxx/rsync/000001024_061:DELETE:2018-07-04 16:17:11
/home/lxx/rsync/000001024_062:DELETE:2018-07-04 16:17:11
/home/lxx/rsync/000001024_063:DELETE:2018-07-04 16:17:11
/home/lxx/rsync/000001024_064:DELETE:2018-07-04 16:17:11
/home/lxx/rsync/000001024_065:DELETE:2018-07-04 16:17:11
/home/lxx/rsync/000001024_066:DELETE:2018-07-04 16:17:11
/home/lxx/rsync/000001024_067:DELETE:2018-07-04 16:17:11
/home/lxx/rsync/000001024_068:DELETE:2018-07-04 16:17:11
/home/lxx/rsync/000001024_069:DELETE:2018-07-04 16:17:11
/home/lxx/rsync/000001024_070:DELETE:2018-07-04 16:17:11
/home/lxx/rsync/000001024_071:DELETE:2018-07-04 16:17:11
/home/lxx/rsync/000001024_072:DELETE:2018-07-04 16:17:11
/home/lxx/rsync/000001024_073:DELETE:2018-07-04 16:17:11
/home/lxx/rsync/000001024_074:DELETE:2018-07-04 16:17:11
/home/lxx/rsync/000001024_075:DELETE:2018-07-04 16:17:11
/home/lxx/rsync/000001024_076:DELETE:2018-07-04 16:17:11
/home/lxx/rsync/000001024_077:DELETE:2018-07-04 16:17:11
/home/lxx/rsync/000001024_078:DELETE:2018-07-04 16:17:11
/home/lxx/rsync/000001024_079:DELETE:2018-07-04 16:17:11
/home/lxx/rsync/000001024_080:DELETE:2018-07-04 16:17:11
/home/lxx/rsync/000001024_001:DELETE:2018-07-04 16:17:27
/home/lxx/rsync/000001024_002:DELETE:2018-07-04 16:17:27
/home/lxx/rsync/000001024_003:DELETE:2018-07-04 16:17:27
/home/lxx/rsync/000001024_004:DELETE:2018-07-04 16:17:27
/home/lxx/rsync/000001024_005:DELETE:2018-07-04 16:17:27
/home/lxx/rsync/000001024_006:DELETE:2018-07-04 16:17:27
/home/lxx/rsync/000001024_007:DELETE:2018-07-04 16:17:27
/home/lxx/rsync/000001024_008:DELETE:2018-07-04 16:17:27
/home/lxx/rsync/000001024_009:DELETE:2018-07-04 16:17:27
/home/lxx/rsync/000001024_010:DELETE:2018-07-04 16:17:27
/home/lxx/rsync/000001024_011:DELETE:2018-07-04 16:17:27
/home/lxx/rsync/000001024_012:DELETE:2018-07-04 16:17:27
/home/lxx/rsync/000001024_013:DELETE:2018-07-04 16:17:27
/home/lxx/rsync/000001024_014:DELETE:2018-07-04 16:17:27
/home/lxx/rsync/000001024_015:DELETE:2018-07-04 16:17:27
/home/lxx/rsync/000001024_016:DELETE:2018-07-04 16:17:27
/home/lxx/rsync/000001024_017:DELETE:2018-07-04 16:17:27
/home/lxx/rsync/000001024_018:DELETE:2018-07-04 16:17:27
/home/lxx/rsync/000001024_019:DELETE:2018-07-04 16:17:27
/home/lxx/rsync/000001024_020:DELETE:2018-07-04 16:17:27
/home/lxx/rsync/000001024_021:DELETE:2018-07-04 16:17:27
/home/lxx/rsync/000001024_022:DELETE:2018-07-04 16:17:27
/home/lxx/rsync/000001024_023:DELETE:2018-07-04 16:17:27
/home/lxx/rsync/000001024_024:DELETE:2018-07-04 16:17:27
/home/lxx/rsync/000001024_025:DELETE:2018-07-04 16:17:27
/home/lxx/rsync/000001024_026:DELETE:2018-07-04 16:17:27
/home/lxx/rsync/000001024_027:DELETE:2018-07-04 16:17:27
/home/lxx/rsync/000001024_028:DELETE:2018-07-04 16:17:27
/home/lxx/rsync/000001024_029:DELETE:2018-07-04 16:17:27
/home/lxx/rsync/000001024_030:DELETE:2018-07-04 16:17:27
/home/lxx/rsync/000001024_031:DELETE:2018-07-04 16:17:27
/home/lxx/rsync/000001024_032:DELETE:2018-07-04 16:17:27
/home/lxx/rsync/000001024_033:DELETE:2018-07-04 16:17:27
/home/lxx/rsync/000001024_034:DELETE:2018-07-04 16:17:27
/home/lxx/rsync/000001024_035:DELETE:2018-07-04 16:17:27
/home/lxx/rsync/000001024_036:DELETE:2018-07-04 16:17:27
/home/lxx/rsync/000001024_037:DELETE:2018-07-04 16:17:27
/home/lxx/rsync/000001024_038:DELETE:2018-07-04 16:17:27
/home/lxx/rsync/000001024_039:DELETE:2018-07-04 16:17:27
/home/lxx/rsync/000001024_040:DELETE:2018-07-04 16:17:27
/home/lxx/rsync/000001024_041:DELETE:2018-07-04 16:17:27
/home/lxx/rsync/000001024_042:DELETE:2018-07-04 16:17:27
/home/lxx/rsync/000001024_043:DELETE:2018-07-04 16:17:27
/home/lxx/rsync/000001024_044:DELETE:2018-07-04 16:17:27
/home/lxx/rsync/000001024_045:DELETE:2018-07-04 16:17:27
/home/lxx/rsync/000001024_046:DELETE:2018-07-04 16:17:27
/home/lxx/rsync/000001024_047:DELETE:2018-07-04 16:17:27
/home/lxx/rsync/000001024_048:DELETE:2018-07-04 16:17:27
/home/lxx/rsync/000001024_049:DELETE:2018-07-04 16:17:27
/home/lxx/rsync/000001024_050:DELETE:2018-07-04 16:17:27
/home/lxx/rsync/000001024_051:DELETE:2018-07-04 16:17:27
/home/lxx/rsync/000001024_052:DELETE:2018-07-04 16:17:27
/home/lxx/rsync/000001024_053:DELETE:2018-07-04 16:17:27
/home/lxx/rsync/000001024_054:DELETE:2018-07-04 16:17:27
/home/lxx/rsync/000001024_055:DELETE:2018-07-04 16:17:27
/home/lxx/rsync/000001024_056:DELETE:2018-07-04 16:17:27
/home/lxx/rsync/000001024_057:DELETE:2018-07-04 16:17:27
/home/lxx/rsync/000001024_058:DELETE:2018-07-04 16:17:27
/home/lxx/rsync/000001024_059:DELETE:2018-07-04 16:17:27
/home/lxx/rsync/000001024_060:DELETE:2018-07-04 16:17:27
/home/lxx/rsync/000001024_061:DELETE:2018-07-04 16:17:27
/home/lxx/rsync/000001024_062:DELETE:2018-07-04 16:17:27
/home/lxx/rsync/000001024_063:DELETE:2018-07-04 16:17:27
/home/lxx/rsync/000001024_064:DELETE:2018-07-04 16:17:27
/home/lxx/rsync/000001024_065:DELETE:2018-07-04 16:17:27
/home/lxx/rsync/000001024_066:DELETE:2018-07-04 16:17:27
/home/lxx/rsync/000001024_067:DELETE:2018-07-04 16:17:27
/home/lxx/rsync/000001024_068:DELETE:2018-07-04 16:17:27
/home/lxx/rsync/000001024_069:DELETE:2018-07-04 16:17:27
/home/lxx/rsync/000001024_070:DELETE:2018-07-04 16:17:27
/home/lxx/rsync/000001024_071:DELETE:2018-07-04 16:17:27
/home/lxx/rsync/000001024_072:DELETE:2018-07-04 16:17:27
/home/lxx/rsync/000001024_073:DELETE:2018-07-04 16:17:27
/home/lxx/rsync/000001024_074:DELETE:2018-07-04 16:17:27
/home/lxx/rsync/000001024_075:DELETE:2018-07-04 16:17:27
/home/lxx/rsync/000001024_076:DELETE:2018-07-04 16:17:27
/home/lxx/rsync/000001024_077:DELETE:2018-07-04 16:17:27
/home/lxx/rsync/000001024_078:DELETE:2018-07-04 16:17:27
/home/lxx/rsync/000001024_079:DELETE:2018-07-04 16:17:27
/home/lxx/rsync/000001024_080:DELETE:2018-07-04 16:17:27
/home/lxx/rsync/000001024_081:DELETE:2018-07-04 16:17:27
/home/lxx/rsync/000001024_082:DELETE:2018-07-04 16:17:27
/home/lxx/rsync/000001024_083:DELETE:2018-07-04 16:17:27
/home/lxx/rsync/000001024_084:DELETE:2018-07-04 16:17:27
/home/lxx/rsync/000001024_085:DELETE:2018-07-04 16:17:27
/home/lxx/rsync/000001024_086:DELETE:2018-07-04 16:17:27
/home/lxx/rsync/000001024_087:DELETE:2018-07-04 16:17:27
/home/lxx/rsync/000001024_088:DELETE:2018-07-04 16:17:27
/home/lxx/rsync/000001024_089:DELETE:2018-07-04 16:17:27
/home/lxx/rsync/000001024_090:DELETE:2018-07-04 16:17:27
/home/lxx/rsync/000001024_001:DELETE:2018-07-04 17:05:15
/home/lxx/rsync/000001024_002:DELETE:2018-07-04 17:05:15
/home/lxx/rsync/000001024_003:DELETE:2018-07-04 17:05:15
/home/lxx/rsync/000001024_004:DELETE:2018-07-04 17:05:15
/home/lxx/rsync/000001024_005:DELETE:2018-07-04 17:05:15
/home/lxx/rsync/000001024_006:DELETE:2018-07-04 17:05:15
/home/lxx/rsync/000001024_007:DELETE:2018-07-04 17:05:15
/home/lxx/rsync/000001024_008:DELETE:2018-07-04 17:05:15
/home/lxx/rsync/000001024_009:DELETE:2018-07-04 17:05:15
/home/lxx/rsync/000001024_010:DELETE:2018-07-04 17:05:15
/home/lxx/rsync/000001024_011:DELETE:2018-07-04 17:05:15
/home/lxx/rsync/000001024_012:DELETE:2018-07-04 17:05:15
/home/lxx/rsync/000001024_013:DELETE:2018-07-04 17:05:15
/home/lxx/rsync/000001024_014:DELETE:2018-07-04 17:05:15
/home/lxx/rsync/000001024_015:DELETE:2018-07-04 17:05:15
/home/lxx/rsync/000001024_016:DELETE:2018-07-04 17:05:15
/home/lxx/rsync/000001024_017:DELETE:2018-07-04 17:05:15
/home/lxx/rsync/000001024_018:DELETE:2018-07-04 17:05:15
/home/lxx/rsync/000001024_019:DELETE:2018-07-04 17:05:15
/home/lxx/rsync/000001024_020:DELETE:2018-07-04 17:05:15
/home/lxx/rsync/000001024_021:DELETE:2018-07-04 17:05:15
/home/lxx/rsync/000001024_022:DELETE:2018-07-04 17:05:15
/home/lxx/rsync/000001024_023:DELETE:2018-07-04 17:05:15
/home/lxx/rsync/000001024_024:DELETE:2018-07-04 17:05:15
/home/lxx/rsync/000001024_025:DELETE:2018-07-04 17:05:15
/home/lxx/rsync/000001024_026:DELETE:2018-07-04 17:05:15
/home/lxx/rsync/000001024_027:DELETE:2018-07-04 17:05:15
/home/lxx/rsync/000001024_028:DELETE:2018-07-04 17:05:15
/home/lxx/rsync/000001024_029:DELETE:2018-07-04 17:05:15
/home/lxx/rsync/000001024_030:DELETE:2018-07-04 17:05:15
/home/lxx/rsync/000001024_031:DELETE:2018-07-04 17:05:15
/home/lxx/rsync/000001024_032:DELETE:2018-07-04 17:05:15
/home/lxx/rsync/000001024_033:DELETE:2018-07-04 17:05:15
/home/lxx/rsync/000001024_034:DELETE:2018-07-04 17:05:15
/home/lxx/rsync/000001024_035:DELETE:2018-07-04 17:05:15
/home/lxx/rsync/000001024_036:DELETE:2018-07-04 17:05:15
/home/lxx/rsync/000001024_037:DELETE:2018-07-04 17:05:15
/home/lxx/rsync/000001024_038:DELETE:2018-07-04 17:05:15
/home/lxx/rsync/000001024_039:DELETE:2018-07-04 17:05:15
/home/lxx/rsync/000001024_040:DELETE:2018-07-04 17:05:15
/home/lxx/rsync/000001024_041:DELETE:2018-07-04 17:05:15
/home/lxx/rsync/000001024_042:DELETE:2018-07-04 17:05:15
/home/lxx/rsync/000001024_043:DELETE:2018-07-04 17:05:15
/home/lxx/rsync/000001024_044:DELETE:2018-07-04 17:05:15
/home/lxx/rsync/000001024_045:DELETE:2018-07-04 17:05:15
/home/lxx/rsync/000001024_046:DELETE:2018-07-04 17:05:15
/home/lxx/rsync/000001024_047:DELETE:2018-07-04 17:05:15
/home/lxx/rsync/000001024_048:DELETE:2018-07-04 17:05:15
/home/lxx/rsync/000001024_049:DELETE:2018-07-04 17:05:15
/home/lxx/rsync/000001024_050:DELETE:2018-07-04 17:05:15
/home/lxx/rsync/000001024_051:DELETE:2018-07-04 17:05:15
/home/lxx/rsync/000001024_052:DELETE:2018-07-04 17:05:15
/home/lxx/rsync/000001024_053:DELETE:2018-07-04 17:05:15
/home/lxx/rsync/000001024_054:DELETE:2018-07-04 17:05:15
/home/lxx/rsync/000001024_055:DELETE:2018-07-04 17:05:15
/home/lxx/rsync/000001024_056:DELETE:2018-07-04 17:05:15
/home/lxx/rsync/000001024_057:DELETE:2018-07-04 17:05:15
/home/lxx/rsync/000001024_058:DELETE:2018-07-04 17:05:15
/home/lxx/rsync/000001024_059:DELETE:2018-07-04 17:05:15
/home/lxx/rsync/000001024_060:DELETE:2018-07-04 17:05:15
/home/lxx/rsync/000001024_061:DELETE:2018-07-04 17:05:15
/home/lxx/rsync/000001024_062:DELETE:2018-07-04 17:05:15
/home/lxx/rsync/000001024_063:DELETE:2018-07-04 17:05:15
/home/lxx/rsync/000001024_064:DELETE:2018-07-04 17:05:15
/home/lxx/rsync/000001024_065:DELETE:2018-07-04 17:05:15
/home/lxx/rsync/000001024_066:DELETE:2018-07-04 17:05:15
/home/lxx/rsync/000001024_067:DELETE:2018-07-04 17:05:15
/home/lxx/rsync/000001024_068:DELETE:2018-07-04 17:05:15
/home/lxx/rsync/000001024_069:DELETE:2018-07-04 17:05:15
/home/lxx/rsync/000001024_070:DELETE:2018-07-04 17:05:15
/home/lxx/rsync/000001024_071:DELETE:2018-07-04 17:05:15
/home/lxx/rsync/000001024_072:DELETE:2018-07-04 17:05:15
/home/lxx/rsync/000001024_073:DELETE:2018-07-04 17:05:15
/home/lxx/rsync/000001024_074:DELETE:2018-07-04 17:05:15
/home/lxx/rsync/000001024_075:DELETE:2018-07-04 17:05:15
/home/lxx/rsync/000001024_076:DELETE:2018-07-04 17:05:15
/home/lxx/rsync/000001024_077:DELETE:2018-07-04 17:05:15
/home/lxx/rsync/000001024_078:DELETE:2018-07-04 17:05:15
/home/lxx/rsync/000001024_079:DELETE:2018-07-04 17:05:15
/home/lxx/rsync/000001024_080:DELETE:2018-07-04 17:05:15
/home/lxx/rsync/000001024_081:DELETE:2018-07-04 17:05:15
/home/lxx/rsync/000001024_082:DELETE:2018-07-04 17:05:15
/home/lxx/rsync/000001024_083:DELETE:2018-07-04 17:05:15
/home/lxx/rsync/000001024_084:DELETE:2018-07-04 17:05:15
/home/lxx/rsync/000001024_085:DELETE:2018-07-04 17:05:15
/home/lxx/rsync/000001024_086:DELETE:2018-07-04 17:05:15
/home/lxx/rsync/000001024_087:DELETE:2018-07-04 17:05:15
/home/lxx/rsync/000001024_088:DELETE:2018-07-04 17:05:15
/home/lxx/rsync/000001024_089:DELETE:2018-07-04 17:05:15
/home/lxx/rsync/000001024_090:DELETE:2018-07-04 17:05:15
/home/lxx/rsync/000001024_091:DELETE:2018-07-04 17:05:15
/home/lxx/rsync/000001024_092:DELETE:2018-07-04 17:05:15
/home/lxx/rsync/000001024_093:DELETE:2018-07-04 17:05:15
/home/lxx/rsync/000001024_094:DELETE:2018-07-04 17:05:15
/home/lxx/rsync/000001024_095:DELETE:2018-07-04 17:05:15
/home/lxx/rsync/000001024_096:DELETE:2018-07-04 17:05:15
/home/lxx/rsync/000001024_097:DELETE:2018-07-04 17:05:15
/home/lxx/rsync/000001024_098:DELETE:2018-07-04 17:05:15
/home/lxx/rsync/000001024_099:DELETE:2018-07-04 17:05:15
/home/lxx/rsync/000001024_100:DELETE:2018-07-04 17:05:15
/home/lxx/rsync/flow_000001024_001:DELETE:2018-07-04 17:05:15
/home/lxx/rsync/flow_000001024_002:DELETE:2018-07-04 17:05:15
/home/lxx/rsync/flow_000001024_003:DELETE:2018-07-04 17:05:15
/home/lxx/rsync/flow_000001024_004:DELETE:2018-07-04 17:05:15
/home/lxx/rsync/flow_000001024_005:DELETE:2018-07-04 17:05:15
/home/lxx/rsync/flow_000001024_006:DELETE:2018-07-04 17:05:15
/home/lxx/rsync/flow_000001024_007:DELETE:2018-07-04 17:05:15
/home/lxx/rsync/flow_000001024_008:DELETE:2018-07-04 17:05:15
/home/lxx/rsync/flow_000001024_009:DELETE:2018-07-04 17:05:15
/home/lxx/rsync/flow_000001024_010:DELETE:2018-07-04 17:05:15
/home/lxx/rsync/flow_000001024_001:DELETE:2018-07-04 17:26:04
/home/lxx/rsync/flow_000001024_002:DELETE:2018-07-04 17:26:04
/home/lxx/rsync/flow_000001024_003:DELETE:2018-07-04 17:26:04
/home/lxx/rsync/flow_000001024_004:DELETE:2018-07-04 17:26:04
/home/lxx/rsync/flow_000001024_005:DELETE:2018-07-04 17:26:04
/home/lxx/rsync/flow_000001024_006:DELETE:2018-07-04 17:26:04
/home/lxx/rsync/flow_000001024_007:DELETE:2018-07-04 17:26:04
/home/lxx/rsync/flow_000001024_008:DELETE:2018-07-04 17:26:04
/home/lxx/rsync/flow_000001024_009:DELETE:2018-07-04 17:26:04
/home/lxx/rsync/flow_000001024_010:DELETE:2018-07-04 17:26:04
